<?xml version="1.0" encoding="utf-8"?>
<test-run id="2" name="nunitlite.tests.exe" fullname="d:/Users/wanglin36/StringReplacerNunitTest/Nunit3.5.0/bin/net-4.5/nunitlite.tests.exe" testcasecount="198" result="Skipped" label="Ignored" start-time="2016-11-01 10:38:59Z" end-time="2016-11-01 10:38:59Z" duration="0.251864" total="198" passed="197" failed="0" inconclusive="0" skipped="1" asserts="539" random-seed="1777406822">
  <command-line><![CDATA["d:\Users\wanglin36\StringReplacerNunitTest\Nunit3.5.0\bin\net-4.5\nunitlite.tests.exe" ]]></command-line>
  <filter />
  <test-suite type="Assembly" id="1224" name="nunitlite.tests.exe" fullname="d:/Users/wanglin36/StringReplacerNunitTest/Nunit3.5.0/bin/net-4.5/nunitlite.tests.exe" runstate="Runnable" testcasecount="198" result="Skipped" label="Ignored" start-time="2016-11-01 10:38:59Z" end-time="2016-11-01 10:38:59Z" duration="0.251864" total="198" passed="197" failed="0" inconclusive="0" skipped="1" asserts="539">
    <environment framework-version="3.5.0.0" clr-version="4.0.30319.42000" os-version="Microsoft Windows NT 6.1.7601 Service Pack 1" platform="Win32NT" cwd="d:\Users\wanglin36\StringReplacerNunitTest\StringReplacerNunitTest\bin\Debug" machine-name="SHCYF59T" user="wanglin36" user-domain="CENTALINE" culture="zh-CN" uiculture="zh-CN" os-architecture="x64" />
    <settings>
      <setting name="WorkDirectory" value="d:\Users\wanglin36\StringReplacerNunitTest\StringReplacerNunitTest\bin\Debug" />
      <setting name="NumberOfTestWorkers" value="8" />
    </settings>
    <properties>
      <property name="ParallelScope" value="Fixtures" />
      <property name="_PID" value="20668" />
      <property name="_APPDOMAIN" value="nunitlite.tests.exe" />
    </properties>
    <reason>
      <message><![CDATA[One or more child tests were ignored]]></message>
    </reason>
    <test-suite type="TestSuite" id="1227" name="NUnit" fullname="NUnit" runstate="Runnable" testcasecount="76" result="Passed" start-time="2016-11-01 10:38:59Z" end-time="2016-11-01 10:38:59Z" duration="0.166011" total="76" passed="76" failed="0" inconclusive="0" skipped="0" asserts="178">
      <test-suite type="TestSuite" id="1230" name="ConsoleRunner" fullname="NUnit.ConsoleRunner" runstate="Runnable" testcasecount="2" result="Passed" start-time="2016-11-01 10:38:59Z" end-time="2016-11-01 10:38:59Z" duration="0.025044" total="2" passed="2" failed="0" inconclusive="0" skipped="0" asserts="2">
        <test-suite type="TestSuite" id="1231" name="Tests" fullname="NUnit.ConsoleRunner.Tests" runstate="Runnable" testcasecount="2" result="Passed" start-time="2016-11-01 10:38:59Z" end-time="2016-11-01 10:38:59Z" duration="0.023259" total="2" passed="2" failed="0" inconclusive="0" skipped="0" asserts="2">
          <test-suite type="TestFixture" id="1221" name="DefaultOptionsProviderTests" fullname="NUnit.ConsoleRunner.Tests.DefaultOptionsProviderTests" classname="NUnit.ConsoleRunner.Tests.DefaultOptionsProviderTests" runstate="Runnable" testcasecount="2" result="Passed" start-time="2016-11-01 10:38:59Z" end-time="2016-11-01 10:38:59Z" duration="0.019781" total="2" passed="2" failed="0" inconclusive="0" skipped="0" asserts="2">
            <test-case id="1223" name="ShouldRetTeamCityAsFalseWhenHasNotEnvironmentVariable_TEAMCITY_PROJECT_NAME" fullname="NUnit.ConsoleRunner.Tests.DefaultOptionsProviderTests.ShouldRetTeamCityAsFalseWhenHasNotEnvironmentVariable_TEAMCITY_PROJECT_NAME" methodname="ShouldRetTeamCityAsFalseWhenHasNotEnvironmentVariable_TEAMCITY_PROJECT_NAME" classname="NUnit.ConsoleRunner.Tests.DefaultOptionsProviderTests" runstate="Runnable" seed="1639093364" result="Passed" start-time="2016-11-01 10:38:59Z" end-time="2016-11-01 10:38:59Z" duration="0.008878" asserts="1" />
            <test-case id="1222" name="ShouldRetTeamCityAsTrueWhenHasEnvironmentVariable_TEAMCITY_PROJECT_NAME" fullname="NUnit.ConsoleRunner.Tests.DefaultOptionsProviderTests.ShouldRetTeamCityAsTrueWhenHasEnvironmentVariable_TEAMCITY_PROJECT_NAME" methodname="ShouldRetTeamCityAsTrueWhenHasEnvironmentVariable_TEAMCITY_PROJECT_NAME" classname="NUnit.ConsoleRunner.Tests.DefaultOptionsProviderTests" runstate="Runnable" seed="1616065853" result="Passed" start-time="2016-11-01 10:38:59Z" end-time="2016-11-01 10:38:59Z" duration="0.000242" asserts="1" />
          </test-suite>
        </test-suite>
      </test-suite>
      <test-suite type="TestSuite" id="1228" name="Common" fullname="NUnit.Common" runstate="Runnable" testcasecount="74" result="Passed" start-time="2016-11-01 10:38:59Z" end-time="2016-11-01 10:38:59Z" duration="0.163969" total="74" passed="74" failed="0" inconclusive="0" skipped="0" asserts="176">
        <test-suite type="TestSuite" id="1229" name="Tests" fullname="NUnit.Common.Tests" runstate="Runnable" testcasecount="74" result="Passed" start-time="2016-11-01 10:38:59Z" end-time="2016-11-01 10:38:59Z" duration="0.161971" total="74" passed="74" failed="0" inconclusive="0" skipped="0" asserts="176">
          <test-suite type="TestFixture" id="1138" name="ExtendedTextWrapperTests" fullname="NUnit.Common.Tests.ExtendedTextWrapperTests" classname="NUnit.Common.Tests.ExtendedTextWrapperTests" runstate="Runnable" testcasecount="8" result="Passed" start-time="2016-11-01 10:38:59Z" end-time="2016-11-01 10:38:59Z" duration="0.033003" total="8" passed="8" failed="0" inconclusive="0" skipped="0" asserts="8">
            <test-case id="1139" name="Write" fullname="NUnit.Common.Tests.ExtendedTextWrapperTests.Write" methodname="Write" classname="NUnit.Common.Tests.ExtendedTextWrapperTests" runstate="Runnable" seed="668986465" result="Passed" start-time="2016-11-01 10:38:59Z" end-time="2016-11-01 10:38:59Z" duration="0.012935" asserts="1" />
            <test-case id="1140" name="Write_ColorStyle" fullname="NUnit.Common.Tests.ExtendedTextWrapperTests.Write_ColorStyle" methodname="Write_ColorStyle" classname="NUnit.Common.Tests.ExtendedTextWrapperTests" runstate="Runnable" seed="1651366685" result="Passed" start-time="2016-11-01 10:38:59Z" end-time="2016-11-01 10:38:59Z" duration="0.000387" asserts="1" />
            <test-case id="1143" name="WriteLabel" fullname="NUnit.Common.Tests.ExtendedTextWrapperTests.WriteLabel" methodname="WriteLabel" classname="NUnit.Common.Tests.ExtendedTextWrapperTests" runstate="Runnable" seed="40138034" result="Passed" start-time="2016-11-01 10:38:59Z" end-time="2016-11-01 10:38:59Z" duration="0.000473" asserts="1" />
            <test-case id="1144" name="WriteLabel_ColorStyle" fullname="NUnit.Common.Tests.ExtendedTextWrapperTests.WriteLabel_ColorStyle" methodname="WriteLabel_ColorStyle" classname="NUnit.Common.Tests.ExtendedTextWrapperTests" runstate="Runnable" seed="1674605576" result="Passed" start-time="2016-11-01 10:38:59Z" end-time="2016-11-01 10:38:59Z" duration="0.000591" asserts="1" />
            <test-case id="1145" name="WriteLabelLine" fullname="NUnit.Common.Tests.ExtendedTextWrapperTests.WriteLabelLine" methodname="WriteLabelLine" classname="NUnit.Common.Tests.ExtendedTextWrapperTests" runstate="Runnable" seed="1397623925" result="Passed" start-time="2016-11-01 10:38:59Z" end-time="2016-11-01 10:38:59Z" duration="0.000494" asserts="1" />
            <test-case id="1146" name="WriteLabelLine_ColorStyle" fullname="NUnit.Common.Tests.ExtendedTextWrapperTests.WriteLabelLine_ColorStyle" methodname="WriteLabelLine_ColorStyle" classname="NUnit.Common.Tests.ExtendedTextWrapperTests" runstate="Runnable" seed="1883648877" result="Passed" start-time="2016-11-01 10:38:59Z" end-time="2016-11-01 10:38:59Z" duration="0.000380" asserts="1" />
            <test-case id="1141" name="WriteLine" fullname="NUnit.Common.Tests.ExtendedTextWrapperTests.WriteLine" methodname="WriteLine" classname="NUnit.Common.Tests.ExtendedTextWrapperTests" runstate="Runnable" seed="1201760701" result="Passed" start-time="2016-11-01 10:38:59Z" end-time="2016-11-01 10:38:59Z" duration="0.000320" asserts="1" />
            <test-case id="1142" name="WriteLine_ColorStyle" fullname="NUnit.Common.Tests.ExtendedTextWrapperTests.WriteLine_ColorStyle" methodname="WriteLine_ColorStyle" classname="NUnit.Common.Tests.ExtendedTextWrapperTests" runstate="Runnable" seed="73242532" result="Passed" start-time="2016-11-01 10:38:59Z" end-time="2016-11-01 10:38:59Z" duration="0.000372" asserts="1" />
          </test-suite>
          <test-suite type="TestFixture" id="1159" name="TestNameParserTests" fullname="NUnit.Common.Tests.TestNameParserTests" classname="NUnit.Common.Tests.TestNameParserTests" runstate="Runnable" testcasecount="13" result="Passed" start-time="2016-11-01 10:38:59Z" end-time="2016-11-01 10:38:59Z" duration="0.127073" total="13" passed="13" failed="0" inconclusive="0" skipped="0" asserts="30">
            <test-suite type="ParameterizedMethod" id="1169" name="SingleName" fullname="NUnit.Common.Tests.TestNameParserTests.SingleName" classname="NUnit.Common.Tests.TestNameParserTests" runstate="Runnable" testcasecount="9" result="Passed" start-time="2016-11-01 10:38:59Z" end-time="2016-11-01 10:38:59Z" duration="0.071864" total="9" passed="9" failed="0" inconclusive="0" skipped="0" asserts="18">
              <test-case id="1160" name="SingleName(&quot;Test.Namespace.Fixture.Method&quot;)" fullname="NUnit.Common.Tests.TestNameParserTests.SingleName(&quot;Test.Namespace.Fixture.Method&quot;)" methodname="SingleName" classname="NUnit.Common.Tests.TestNameParserTests" runstate="Runnable" seed="842979841" result="Passed" start-time="2016-11-01 10:38:59Z" end-time="2016-11-01 10:38:59Z" duration="0.017135" asserts="2" />
              <test-case id="1161" name="SingleName(&quot;Test.Namespace.Fixture.Method,&quot;)" fullname="NUnit.Common.Tests.TestNameParserTests.SingleName(&quot;Test.Namespace.Fixture.Method,&quot;)" methodname="SingleName" classname="NUnit.Common.Tests.TestNameParserTests" runstate="Runnable" seed="37497784" result="Passed" start-time="2016-11-01 10:38:59Z" end-time="2016-11-01 10:38:59Z" duration="0.000068" asserts="2" />
              <test-case id="1162" name="SingleName(&quot;  Test.Namespace.Fixture.Method  &quot;)" fullname="NUnit.Common.Tests.TestNameParserTests.SingleName(&quot;  Test.Namespace.Fixture.Method  &quot;)" methodname="SingleName" classname="NUnit.Common.Tests.TestNameParserTests" runstate="Runnable" seed="1650228433" result="Passed" start-time="2016-11-01 10:38:59Z" end-time="2016-11-01 10:38:59Z" duration="0.000058" asserts="2" />
              <test-case id="1163" name="SingleName(&quot;  Test.Namespace.Fixture.Method  ,&quot;)" fullname="NUnit.Common.Tests.TestNameParserTests.SingleName(&quot;  Test.Namespace.Fixture.Method  ,&quot;)" methodname="SingleName" classname="NUnit.Common.Tests.TestNameParserTests" runstate="Runnable" seed="990167537" result="Passed" start-time="2016-11-01 10:38:59Z" end-time="2016-11-01 10:38:59Z" duration="0.000123" asserts="2" />
              <test-case id="1164" name="SingleName(&quot;Test.Namespace.Fixture.Method()&quot;)" fullname="NUnit.Common.Tests.TestNameParserTests.SingleName(&quot;Test.Namespace.Fixture.Method()&quot;)" methodname="SingleName" classname="NUnit.Common.Tests.TestNameParserTests" runstate="Runnable" seed="532650956" result="Passed" start-time="2016-11-01 10:38:59Z" end-time="2016-11-01 10:38:59Z" duration="0.000061" asserts="2" />
              <test-case id="1165" name="SingleName(&quot;Test.Namespace.Fixture.Method(\&quot;string,argument\&quot;)&quot;)" fullname="NUnit.Common.Tests.TestNameParserTests.SingleName(&quot;Test.Namespace.Fixture.Method(\&quot;string,argument\&quot;)&quot;)" methodname="SingleName" classname="NUnit.Common.Tests.TestNameParserTests" runstate="Runnable" seed="759202958" result="Passed" start-time="2016-11-01 10:38:59Z" end-time="2016-11-01 10:38:59Z" duration="0.000081" asserts="2" />
              <test-case id="1166" name="SingleName(&quot;Test.Namespace.Fixture.Method(1,2,3)&quot;)" fullname="NUnit.Common.Tests.TestNameParserTests.SingleName(&quot;Test.Namespace.Fixture.Method(1,2,3)&quot;)" methodname="SingleName" classname="NUnit.Common.Tests.TestNameParserTests" runstate="Runnable" seed="889778522" result="Passed" start-time="2016-11-01 10:38:59Z" end-time="2016-11-01 10:38:59Z" duration="0.000078" asserts="2" />
              <test-case id="1167" name="SingleName(&quot;Test.Namespace.Fixture.Method&lt;int,int&gt;()&quot;)" fullname="NUnit.Common.Tests.TestNameParserTests.SingleName(&quot;Test.Namespace.Fixture.Method&lt;int,int&gt;()&quot;)" methodname="SingleName" classname="NUnit.Common.Tests.TestNameParserTests" runstate="Runnable" seed="1641479698" result="Passed" start-time="2016-11-01 10:38:59Z" end-time="2016-11-01 10:38:59Z" duration="0.000058" asserts="2" />
              <test-case id="1168" name="SingleName(&quot;Test.Namespace.Fixture.Method(\&quot;)\&quot;)&quot;)" fullname="NUnit.Common.Tests.TestNameParserTests.SingleName(&quot;Test.Namespace.Fixture.Method(\&quot;)\&quot;)&quot;)" methodname="SingleName" classname="NUnit.Common.Tests.TestNameParserTests" runstate="Runnable" seed="385871202" result="Passed" start-time="2016-11-01 10:38:59Z" end-time="2016-11-01 10:38:59Z" duration="0.000094" asserts="2" />
            </test-suite>
            <test-suite type="ParameterizedMethod" id="1174" name="TwoNames" fullname="NUnit.Common.Tests.TestNameParserTests.TwoNames" classname="NUnit.Common.Tests.TestNameParserTests" runstate="Runnable" testcasecount="4" result="Passed" start-time="2016-11-01 10:38:59Z" end-time="2016-11-01 10:38:59Z" duration="0.050215" total="4" passed="4" failed="0" inconclusive="0" skipped="0" asserts="12">
              <test-case id="1170" name="TwoNames(&quot;Test.Namespace.Fixture.Method1&quot;,&quot;Test.Namespace.Fixture.Method2&quot;)" fullname="NUnit.Common.Tests.TestNameParserTests.TwoNames(&quot;Test.Namespace.Fixture.Method1&quot;,&quot;Test.Namespace.Fixture.Method2&quot;)" methodname="TwoNames" classname="NUnit.Common.Tests.TestNameParserTests" runstate="Runnable" seed="91113306" result="Passed" start-time="2016-11-01 10:38:59Z" end-time="2016-11-01 10:38:59Z" duration="0.022606" asserts="3" />
              <test-case id="1171" name="TwoNames(&quot;Test.Namespace.Fixture.Method1&quot;,&quot;Test.Namespace.Fixture.Method2,&quot;)" fullname="NUnit.Common.Tests.TestNameParserTests.TwoNames(&quot;Test.Namespace.Fixture.Method1&quot;,&quot;Test.Namespace.Fixture.Method2,&quot;)" methodname="TwoNames" classname="NUnit.Common.Tests.TestNameParserTests" runstate="Runnable" seed="73592058" result="Passed" start-time="2016-11-01 10:38:59Z" end-time="2016-11-01 10:38:59Z" duration="0.000042" asserts="3" />
              <test-case id="1172" name="TwoNames(&quot;Test.Namespace.Fixture.Method1(1,2)&quot;,&quot;Test.Namespace.Fixture.Method2(3,4)&quot;)" fullname="NUnit.Common.Tests.TestNameParserTests.TwoNames(&quot;Test.Namespace.Fixture.Method1(1,2)&quot;,&quot;Test.Namespace.Fixture.Method2(3,4)&quot;)" methodname="TwoNames" classname="NUnit.Common.Tests.TestNameParserTests" runstate="Runnable" seed="404775152" result="Passed" start-time="2016-11-01 10:38:59Z" end-time="2016-11-01 10:38:59Z" duration="0.000041" asserts="3" />
              <test-case id="1173" name="TwoNames(&quot;Test.Namespace.Fixture.Method1(\&quot;(\&quot;)&quot;,&quot;Test.Namespace.Fixture.Method2(\&quot;&lt;\&quot;)&quot;)" fullname="NUnit.Common.Tests.TestNameParserTests.TwoNames(&quot;Test.Namespace.Fixture.Method1(\&quot;(\&quot;)&quot;,&quot;Test.Namespace.Fixture.Method2(\&quot;&lt;\&quot;)&quot;)" methodname="TwoNames" classname="NUnit.Common.Tests.TestNameParserTests" runstate="Runnable" seed="255405706" result="Passed" start-time="2016-11-01 10:38:59Z" end-time="2016-11-01 10:38:59Z" duration="0.000050" asserts="3" />
            </test-suite>
          </test-suite>
          <test-suite type="TestFixture" id="1147" name="OutputSpecificationTests" fullname="NUnit.Common.Tests.OutputSpecificationTests" classname="NUnit.Common.Tests.OutputSpecificationTests" runstate="Runnable" testcasecount="11" result="Passed" start-time="2016-11-01 10:38:59Z" end-time="2016-11-01 10:38:59Z" duration="0.128023" total="11" passed="11" failed="0" inconclusive="0" skipped="0" asserts="21">
            <test-case id="1151" name="FileNameOnly" fullname="NUnit.Common.Tests.OutputSpecificationTests.FileNameOnly" methodname="FileNameOnly" classname="NUnit.Common.Tests.OutputSpecificationTests" runstate="Runnable" seed="1189319632" result="Passed" start-time="2016-11-01 10:38:59Z" end-time="2016-11-01 10:38:59Z" duration="0.004824" asserts="3" />
            <test-case id="1152" name="FileNamePlusFormat" fullname="NUnit.Common.Tests.OutputSpecificationTests.FileNamePlusFormat" methodname="FileNamePlusFormat" classname="NUnit.Common.Tests.OutputSpecificationTests" runstate="Runnable" seed="481917287" result="Passed" start-time="2016-11-01 10:38:59Z" end-time="2016-11-01 10:38:59Z" duration="0.000401" asserts="3" />
            <test-case id="1153" name="FileNamePlusTransform" fullname="NUnit.Common.Tests.OutputSpecificationTests.FileNamePlusTransform" methodname="FileNamePlusTransform" classname="NUnit.Common.Tests.OutputSpecificationTests" runstate="Runnable" seed="1196146971" result="Passed" start-time="2016-11-01 10:38:59Z" end-time="2016-11-01 10:38:59Z" duration="0.000445" asserts="3" />
            <test-case id="1156" name="MultipleFormatSpecifiersNotAllowed" fullname="NUnit.Common.Tests.OutputSpecificationTests.MultipleFormatSpecifiersNotAllowed" methodname="MultipleFormatSpecifiersNotAllowed" classname="NUnit.Common.Tests.OutputSpecificationTests" runstate="Runnable" seed="346100394" result="Passed" start-time="2016-11-01 10:38:59Z" end-time="2016-11-01 10:38:59Z" duration="0.008339" asserts="1" />
            <test-case id="1157" name="MultipleTransformSpecifiersNotAllowed" fullname="NUnit.Common.Tests.OutputSpecificationTests.MultipleTransformSpecifiersNotAllowed" methodname="MultipleTransformSpecifiersNotAllowed" classname="NUnit.Common.Tests.OutputSpecificationTests" runstate="Runnable" seed="1292151088" result="Passed" start-time="2016-11-01 10:38:59Z" end-time="2016-11-01 10:38:59Z" duration="0.000798" asserts="1" />
            <test-case id="1148" name="SpecMayNotBeNull" fullname="NUnit.Common.Tests.OutputSpecificationTests.SpecMayNotBeNull" methodname="SpecMayNotBeNull" classname="NUnit.Common.Tests.OutputSpecificationTests" runstate="Runnable" seed="2039966496" result="Passed" start-time="2016-11-01 10:38:59Z" end-time="2016-11-01 10:38:59Z" duration="0.000847" asserts="1" />
            <test-case id="1149" name="SpecOptionMustContainEqualSign" fullname="NUnit.Common.Tests.OutputSpecificationTests.SpecOptionMustContainEqualSign" methodname="SpecOptionMustContainEqualSign" classname="NUnit.Common.Tests.OutputSpecificationTests" runstate="Runnable" seed="715817491" result="Passed" start-time="2016-11-01 10:38:59Z" end-time="2016-11-01 10:38:59Z" duration="0.048564" asserts="1" />
            <test-case id="1150" name="SpecOptionMustContainJustOneEqualSign" fullname="NUnit.Common.Tests.OutputSpecificationTests.SpecOptionMustContainJustOneEqualSign" methodname="SpecOptionMustContainJustOneEqualSign" classname="NUnit.Common.Tests.OutputSpecificationTests" runstate="Runnable" seed="1744338839" result="Passed" start-time="2016-11-01 10:38:59Z" end-time="2016-11-01 10:38:59Z" duration="0.000680" asserts="1" />
            <test-case id="1158" name="TransformWithNonUserFormatNotAllowed" fullname="NUnit.Common.Tests.OutputSpecificationTests.TransformWithNonUserFormatNotAllowed" methodname="TransformWithNonUserFormatNotAllowed" classname="NUnit.Common.Tests.OutputSpecificationTests" runstate="Runnable" seed="604196446" result="Passed" start-time="2016-11-01 10:38:59Z" end-time="2016-11-01 10:38:59Z" duration="0.000709" asserts="1" />
            <test-case id="1154" name="UserFormatMayBeIndicatedExplicitlyAfterTransform" fullname="NUnit.Common.Tests.OutputSpecificationTests.UserFormatMayBeIndicatedExplicitlyAfterTransform" methodname="UserFormatMayBeIndicatedExplicitlyAfterTransform" classname="NUnit.Common.Tests.OutputSpecificationTests" runstate="Runnable" seed="1761560934" result="Passed" start-time="2016-11-01 10:38:59Z" end-time="2016-11-01 10:38:59Z" duration="0.000298" asserts="3" />
            <test-case id="1155" name="UserFormatMayBeIndicatedExplicitlyBeforeTransform" fullname="NUnit.Common.Tests.OutputSpecificationTests.UserFormatMayBeIndicatedExplicitlyBeforeTransform" methodname="UserFormatMayBeIndicatedExplicitlyBeforeTransform" classname="NUnit.Common.Tests.OutputSpecificationTests" runstate="Runnable" seed="1446451364" result="Passed" start-time="2016-11-01 10:38:59Z" end-time="2016-11-01 10:38:59Z" duration="0.000330" asserts="3" />
          </test-suite>
          <test-suite type="TestFixture" id="1208" name="TokenizerTests" fullname="NUnit.Common.Tests.TokenizerTests" classname="NUnit.Common.Tests.TokenizerTests" runstate="Runnable" testcasecount="12" result="Passed" start-time="2016-11-01 10:38:59Z" end-time="2016-11-01 10:38:59Z" duration="0.142292" total="12" passed="12" failed="0" inconclusive="0" skipped="0" asserts="61">
            <test-case id="1210" name="BlankStringReturnsEof" fullname="NUnit.Common.Tests.TokenizerTests.BlankStringReturnsEof" methodname="BlankStringReturnsEof" classname="NUnit.Common.Tests.TokenizerTests" runstate="Runnable" seed="252458692" result="Passed" start-time="2016-11-01 10:38:59Z" end-time="2016-11-01 10:38:59Z" duration="0.016110" asserts="3" />
            <test-case id="1211" name="IdentifierTokens" fullname="NUnit.Common.Tests.TokenizerTests.IdentifierTokens" methodname="IdentifierTokens" classname="NUnit.Common.Tests.TokenizerTests" runstate="Runnable" seed="1257074376" result="Passed" start-time="2016-11-01 10:38:59Z" end-time="2016-11-01 10:38:59Z" duration="0.001224" asserts="5" />
            <test-case id="1220" name="MixedTokens_Complex" fullname="NUnit.Common.Tests.TokenizerTests.MixedTokens_Complex" methodname="MixedTokens_Complex" classname="NUnit.Common.Tests.TokenizerTests" runstate="Runnable" seed="725396963" result="Passed" start-time="2016-11-01 10:38:59Z" end-time="2016-11-01 10:38:59Z" duration="0.002279" asserts="14" />
            <test-case id="1219" name="MixedTokens_Simple" fullname="NUnit.Common.Tests.TokenizerTests.MixedTokens_Simple" methodname="MixedTokens_Simple" classname="NUnit.Common.Tests.TokenizerTests" runstate="Runnable" seed="924145254" result="Passed" start-time="2016-11-01 10:38:59Z" end-time="2016-11-01 10:38:59Z" duration="0.000730" asserts="4" />
            <test-case id="1209" name="NullInputThrowsException" fullname="NUnit.Common.Tests.TokenizerTests.NullInputThrowsException" methodname="NullInputThrowsException" classname="NUnit.Common.Tests.TokenizerTests" runstate="Runnable" seed="448857281" result="Passed" start-time="2016-11-01 10:38:59Z" end-time="2016-11-01 10:38:59Z" duration="0.087873" asserts="1" />
            <test-case id="1216" name="StringsMayContainEscapedQuoteChar" fullname="NUnit.Common.Tests.TokenizerTests.StringsMayContainEscapedQuoteChar" methodname="StringsMayContainEscapedQuoteChar" classname="NUnit.Common.Tests.TokenizerTests" runstate="Runnable" seed="434358350" result="Passed" start-time="2016-11-01 10:38:59Z" end-time="2016-11-01 10:38:59Z" duration="0.000762" asserts="4" />
            <test-case id="1213" name="StringWithDoubleQuotes" fullname="NUnit.Common.Tests.TokenizerTests.StringWithDoubleQuotes" methodname="StringWithDoubleQuotes" classname="NUnit.Common.Tests.TokenizerTests" runstate="Runnable" seed="1020882487" result="Passed" start-time="2016-11-01 10:38:59Z" end-time="2016-11-01 10:38:59Z" duration="0.000718" asserts="4" />
            <test-case id="1214" name="StringWithSingleQuotes" fullname="NUnit.Common.Tests.TokenizerTests.StringWithSingleQuotes" methodname="StringWithSingleQuotes" classname="NUnit.Common.Tests.TokenizerTests" runstate="Runnable" seed="64990113" result="Passed" start-time="2016-11-01 10:38:59Z" end-time="2016-11-01 10:38:59Z" duration="0.000913" asserts="4" />
            <test-case id="1215" name="StringWithSlashes" fullname="NUnit.Common.Tests.TokenizerTests.StringWithSlashes" methodname="StringWithSlashes" classname="NUnit.Common.Tests.TokenizerTests" runstate="Runnable" seed="496792140" result="Passed" start-time="2016-11-01 10:38:59Z" end-time="2016-11-01 10:38:59Z" duration="0.000766" asserts="4" />
            <test-case id="1218" name="SymbolTokens_DoubleChar" fullname="NUnit.Common.Tests.TokenizerTests.SymbolTokens_DoubleChar" methodname="SymbolTokens_DoubleChar" classname="NUnit.Common.Tests.TokenizerTests" runstate="Runnable" seed="1819858041" result="Passed" start-time="2016-11-01 10:38:59Z" end-time="2016-11-01 10:38:59Z" duration="0.002177" asserts="7" />
            <test-case id="1217" name="SymbolTokens_SingleChar" fullname="NUnit.Common.Tests.TokenizerTests.SymbolTokens_SingleChar" methodname="SymbolTokens_SingleChar" classname="NUnit.Common.Tests.TokenizerTests" runstate="Runnable" seed="535525237" result="Passed" start-time="2016-11-01 10:38:59Z" end-time="2016-11-01 10:38:59Z" duration="0.001040" asserts="7" />
            <test-case id="1212" name="WordsInUnicode" fullname="NUnit.Common.Tests.TokenizerTests.WordsInUnicode" methodname="WordsInUnicode" classname="NUnit.Common.Tests.TokenizerTests" runstate="Runnable" seed="43656193" result="Passed" start-time="2016-11-01 10:38:59Z" end-time="2016-11-01 10:38:59Z" duration="0.000510" asserts="4" />
          </test-suite>
          <test-suite type="TestFixture" id="1175" name="TestSelectionParserTests" fullname="NUnit.Common.Tests.TestSelectionParserTests" classname="NUnit.Common.Tests.TestSelectionParserTests" runstate="Runnable" testcasecount="30" result="Passed" start-time="2016-11-01 10:38:59Z" end-time="2016-11-01 10:38:59Z" duration="0.158997" total="30" passed="30" failed="0" inconclusive="0" skipped="0" asserts="56">
            <test-suite type="ParameterizedMethod" id="1202" name="TestParser" fullname="NUnit.Common.Tests.TestSelectionParserTests.TestParser" classname="NUnit.Common.Tests.TestSelectionParserTests" runstate="Runnable" testcasecount="26" result="Passed" start-time="2016-11-01 10:38:59Z" end-time="2016-11-01 10:38:59Z" duration="0.144013" total="26" passed="26" failed="0" inconclusive="0" skipped="0" asserts="52">
              <test-case id="1176" name="TestParser(&quot;cat=Urgent&quot;,&quot;&lt;cat&gt;Urgent&lt;/cat&gt;&quot;)" fullname="NUnit.Common.Tests.TestSelectionParserTests.TestParser(&quot;cat=Urgent&quot;,&quot;&lt;cat&gt;Urgent&lt;/cat&gt;&quot;)" methodname="TestParser" classname="NUnit.Common.Tests.TestSelectionParserTests" runstate="Runnable" seed="466167729" result="Passed" start-time="2016-11-01 10:38:59Z" end-time="2016-11-01 10:38:59Z" duration="0.014429" asserts="2" />
              <test-case id="1177" name="TestParser(&quot;cat==Urgent&quot;,&quot;&lt;cat&gt;Urgent&lt;/cat&gt;&quot;)" fullname="NUnit.Common.Tests.TestSelectionParserTests.TestParser(&quot;cat==Urgent&quot;,&quot;&lt;cat&gt;Urgent&lt;/cat&gt;&quot;)" methodname="TestParser" classname="NUnit.Common.Tests.TestSelectionParserTests" runstate="Runnable" seed="970650436" result="Passed" start-time="2016-11-01 10:38:59Z" end-time="2016-11-01 10:38:59Z" duration="0.000240" asserts="2" />
              <test-case id="1178" name="TestParser(&quot;cat!=Urgent&quot;,&quot;&lt;not&gt;&lt;cat&gt;Urgent&lt;/cat&gt;&lt;/not&gt;&quot;)" fullname="NUnit.Common.Tests.TestSelectionParserTests.TestParser(&quot;cat!=Urgent&quot;,&quot;&lt;not&gt;&lt;cat&gt;Urgent&lt;/cat&gt;&lt;/not&gt;&quot;)" methodname="TestParser" classname="NUnit.Common.Tests.TestSelectionParserTests" runstate="Runnable" seed="1911333300" result="Passed" start-time="2016-11-01 10:38:59Z" end-time="2016-11-01 10:38:59Z" duration="0.000228" asserts="2" />
              <test-case id="1179" name="TestParser(&quot;cat =~ Urgent&quot;,&quot;&lt;cat re='1'&gt;Urgent&lt;/cat&gt;&quot;)" fullname="NUnit.Common.Tests.TestSelectionParserTests.TestParser(&quot;cat =~ Urgent&quot;,&quot;&lt;cat re='1'&gt;Urgent&lt;/cat&gt;&quot;)" methodname="TestParser" classname="NUnit.Common.Tests.TestSelectionParserTests" runstate="Runnable" seed="938170441" result="Passed" start-time="2016-11-01 10:38:59Z" end-time="2016-11-01 10:38:59Z" duration="0.000193" asserts="2" />
              <test-case id="1180" name="TestParser(&quot;cat !~ Urgent&quot;,&quot;&lt;not&gt;&lt;cat re='1'&gt;Urgent&lt;/cat&gt;&lt;/not&gt;&quot;)" fullname="NUnit.Common.Tests.TestSelectionParserTests.TestParser(&quot;cat !~ Urgent&quot;,&quot;&lt;not&gt;&lt;cat re='1'&gt;Urgent&lt;/cat&gt;&lt;/not&gt;&quot;)" methodname="TestParser" classname="NUnit.Common.Tests.TestSelectionParserTests" runstate="Runnable" seed="31126629" result="Passed" start-time="2016-11-01 10:38:59Z" end-time="2016-11-01 10:38:59Z" duration="0.000167" asserts="2" />
              <test-case id="1181" name="TestParser(&quot;cat = Urgent || cat = High&quot;,&quot;&lt;or&gt;&lt;cat&gt;Urgent&lt;/cat&gt;&lt;cat&gt;High&lt;/cat&gt;&lt;/or&gt;&quot;)" fullname="NUnit.Common.Tests.TestSelectionParserTests.TestParser(&quot;cat = Urgent || cat = High&quot;,&quot;&lt;or&gt;&lt;cat&gt;Urgent&lt;/cat&gt;&lt;cat&gt;High&lt;/cat&gt;&lt;/or&gt;&quot;)" methodname="TestParser" classname="NUnit.Common.Tests.TestSelectionParserTests" runstate="Runnable" seed="848524887" result="Passed" start-time="2016-11-01 10:38:59Z" end-time="2016-11-01 10:38:59Z" duration="0.000184" asserts="2" />
              <test-case id="1182" name="TestParser(&quot;Priority == High&quot;,&quot;&lt;prop name='Priority'&gt;High&lt;/prop&gt;&quot;)" fullname="NUnit.Common.Tests.TestSelectionParserTests.TestParser(&quot;Priority == High&quot;,&quot;&lt;prop name='Priority'&gt;High&lt;/prop&gt;&quot;)" methodname="TestParser" classname="NUnit.Common.Tests.TestSelectionParserTests" runstate="Runnable" seed="1145501011" result="Passed" start-time="2016-11-01 10:38:59Z" end-time="2016-11-01 10:38:59Z" duration="0.000595" asserts="2" />
              <test-case id="1183" name="TestParser(&quot;Priority != Urgent&quot;,&quot;&lt;not&gt;&lt;prop name='Priority'&gt;Urgent&lt;/prop&gt;&lt;/not&gt;&quot;)" fullname="NUnit.Common.Tests.TestSelectionParserTests.TestParser(&quot;Priority != Urgent&quot;,&quot;&lt;not&gt;&lt;prop name='Priority'&gt;Urgent&lt;/prop&gt;&lt;/not&gt;&quot;)" methodname="TestParser" classname="NUnit.Common.Tests.TestSelectionParserTests" runstate="Runnable" seed="1440829628" result="Passed" start-time="2016-11-01 10:38:59Z" end-time="2016-11-01 10:38:59Z" duration="0.000178" asserts="2" />
              <test-case id="1184" name="TestParser(&quot;Author =~ Jones&quot;,&quot;&lt;prop name='Author' re='1'&gt;Jones&lt;/prop&gt;&quot;)" fullname="NUnit.Common.Tests.TestSelectionParserTests.TestParser(&quot;Author =~ Jones&quot;,&quot;&lt;prop name='Author' re='1'&gt;Jones&lt;/prop&gt;&quot;)" methodname="TestParser" classname="NUnit.Common.Tests.TestSelectionParserTests" runstate="Runnable" seed="657012975" result="Passed" start-time="2016-11-01 10:38:59Z" end-time="2016-11-01 10:38:59Z" duration="0.000173" asserts="2" />
              <test-case id="1185" name="TestParser(&quot;Author !~ Jones&quot;,&quot;&lt;not&gt;&lt;prop name='Author' re='1'&gt;Jones&lt;/prop&gt;&lt;/not&gt;&quot;)" fullname="NUnit.Common.Tests.TestSelectionParserTests.TestParser(&quot;Author !~ Jones&quot;,&quot;&lt;not&gt;&lt;prop name='Author' re='1'&gt;Jones&lt;/prop&gt;&lt;/not&gt;&quot;)" methodname="TestParser" classname="NUnit.Common.Tests.TestSelectionParserTests" runstate="Runnable" seed="920548506" result="Passed" start-time="2016-11-01 10:38:59Z" end-time="2016-11-01 10:38:59Z" duration="0.000266" asserts="2" />
              <test-case id="1186" name="TestParser(&quot;name='SomeTest'&quot;,&quot;&lt;name&gt;SomeTest&lt;/name&gt;&quot;)" fullname="NUnit.Common.Tests.TestSelectionParserTests.TestParser(&quot;name='SomeTest'&quot;,&quot;&lt;name&gt;SomeTest&lt;/name&gt;&quot;)" methodname="TestParser" classname="NUnit.Common.Tests.TestSelectionParserTests" runstate="Runnable" seed="2048590309" result="Passed" start-time="2016-11-01 10:38:59Z" end-time="2016-11-01 10:38:59Z" duration="0.000170" asserts="2" />
              <test-case id="1187" name="TestParser(&quot;method=TestMethod&quot;,&quot;&lt;method&gt;TestMethod&lt;/method&gt;&quot;)" fullname="NUnit.Common.Tests.TestSelectionParserTests.TestParser(&quot;method=TestMethod&quot;,&quot;&lt;method&gt;TestMethod&lt;/method&gt;&quot;)" methodname="TestParser" classname="NUnit.Common.Tests.TestSelectionParserTests" runstate="Runnable" seed="1230155574" result="Passed" start-time="2016-11-01 10:38:59Z" end-time="2016-11-01 10:38:59Z" duration="0.000247" asserts="2" />
              <test-case id="1188" name="TestParser(&quot;method=Test1||method=Test2||method=Test3&quot;,&quot;&lt;or&gt;&lt;method&gt;Test1&lt;/method&gt;&lt;method&gt;Test2&lt;/method&gt;&lt;method&gt;Test3&lt;/method&gt;&lt;/or&gt;&quot;)" fullname="NUnit.Common.Tests.TestSelectionParserTests.TestParser(&quot;method=Test1||method=Test2||method=Test3&quot;,&quot;&lt;or&gt;&lt;method&gt;Test1&lt;/method&gt;&lt;method&gt;Test2&lt;/method&gt;&lt;method&gt;Test3&lt;/method&gt;&lt;/or&gt;&quot;)" methodname="TestParser" classname="NUnit.Common.Tests.TestSelectionParserTests" runstate="Runnable" seed="531373906" result="Passed" start-time="2016-11-01 10:38:59Z" end-time="2016-11-01 10:38:59Z" duration="0.000208" asserts="2" />
              <test-case id="1189" name="TestParser(&quot;test='My.Test.Fixture.Method(42)'&quot;,&quot;&lt;test&gt;My.Test.Fixture.Method(42)&lt;/test&gt;&quot;)" fullname="NUnit.Common.Tests.TestSelectionParserTests.TestParser(&quot;test='My.Test.Fixture.Method(42)'&quot;,&quot;&lt;test&gt;My.Test.Fixture.Method(42)&lt;/test&gt;&quot;)" methodname="TestParser" classname="NUnit.Common.Tests.TestSelectionParserTests" runstate="Runnable" seed="1283783468" result="Passed" start-time="2016-11-01 10:38:59Z" end-time="2016-11-01 10:38:59Z" duration="0.000089" asserts="2" />
              <test-case id="1190" name="TestParser(&quot;test='My.Test.Fixture.Method(\&quot;xyz\&quot;)'&quot;,&quot;&lt;test&gt;My.Test.Fixture.Method(&amp;quot;xyz&amp;quot;)&lt;/test&gt;&quot;)" fullname="NUnit.Common.Tests.TestSelectionParserTests.TestParser(&quot;test='My.Test.Fixture.Method(\&quot;xyz\&quot;)'&quot;,&quot;&lt;test&gt;My.Test.Fixture.Method(&amp;quot;xyz&amp;quot;)&lt;/test&gt;&quot;)" methodname="TestParser" classname="NUnit.Common.Tests.TestSelectionParserTests" runstate="Runnable" seed="924584261" result="Passed" start-time="2016-11-01 10:38:59Z" end-time="2016-11-01 10:38:59Z" duration="0.000096" asserts="2" />
              <test-case id="1191" name="TestParser(&quot;test='My.Test.Fixture.Method(\&quot;abc\\'s\&quot;)'&quot;,&quot;&lt;test&gt;My.Test.Fixture.Method(&amp;quot;abc&amp;apos;s&amp;quot;)&lt;/test&gt;&quot;)" fullname="NUnit.Common.Tests.TestSelectionParserTests.TestParser(&quot;test='My.Test.Fixture.Method(\&quot;abc\\'s\&quot;)'&quot;,&quot;&lt;test&gt;My.Test.Fixture.Method(&amp;quot;abc&amp;apos;s&amp;quot;)&lt;/test&gt;&quot;)" methodname="TestParser" classname="NUnit.Common.Tests.TestSelectionParserTests" runstate="Runnable" seed="989049854" result="Passed" start-time="2016-11-01 10:38:59Z" end-time="2016-11-01 10:38:59Z" duration="0.000105" asserts="2" />
              <test-case id="1192" name="TestParser(&quot;test='My.Test.Fixture.Method(\&quot;x&amp;y&amp;z\&quot;)'&quot;,&quot;&lt;test&gt;My.Test.Fixture.Method(&amp;quot;x&amp;amp;y&amp;amp;z&amp;quot;)&lt;/test&gt;&quot;)" fullname="NUnit.Common.Tests.TestSelectionParserTests.TestParser(&quot;test='My.Test.Fixture.Method(\&quot;x&amp;y&amp;z\&quot;)'&quot;,&quot;&lt;test&gt;My.Test.Fixture.Method(&amp;quot;x&amp;amp;y&amp;amp;z&amp;quot;)&lt;/test&gt;&quot;)" methodname="TestParser" classname="NUnit.Common.Tests.TestSelectionParserTests" runstate="Runnable" seed="2010382967" result="Passed" start-time="2016-11-01 10:38:59Z" end-time="2016-11-01 10:38:59Z" duration="0.000094" asserts="2" />
              <test-case id="1193" name="TestParser(&quot;test='My.Test.Fixture.Method(\&quot;&lt;xyz&gt;\&quot;)'&quot;,&quot;&lt;test&gt;My.Test.Fixture.Method(&amp;quot;&amp;lt;xyz&amp;gt;&amp;quot;)&lt;/test&gt;&quot;)" fullname="NUnit.Common.Tests.TestSelectionParserTests.TestParser(&quot;test='My.Test.Fixture.Method(\&quot;&lt;xyz&gt;\&quot;)'&quot;,&quot;&lt;test&gt;My.Test.Fixture.Method(&amp;quot;&amp;lt;xyz&amp;gt;&amp;quot;)&lt;/test&gt;&quot;)" methodname="TestParser" classname="NUnit.Common.Tests.TestSelectionParserTests" runstate="Runnable" seed="1915550254" result="Passed" start-time="2016-11-01 10:38:59Z" end-time="2016-11-01 10:38:59Z" duration="0.000130" asserts="2" />
              <test-case id="1194" name="TestParser(&quot;cat==Urgent &amp;&amp; test=='My.Tests'&quot;,&quot;&lt;and&gt;&lt;cat&gt;Urgent&lt;/cat&gt;&lt;test&gt;My.Tests&lt;/test&gt;&lt;/and&gt;&quot;)" fullname="NUnit.Common.Tests.TestSelectionParserTests.TestParser(&quot;cat==Urgent &amp;&amp; test=='My.Tests'&quot;,&quot;&lt;and&gt;&lt;cat&gt;Urgent&lt;/cat&gt;&lt;test&gt;My.Tests&lt;/test&gt;&lt;/and&gt;&quot;)" methodname="TestParser" classname="NUnit.Common.Tests.TestSelectionParserTests" runstate="Runnable" seed="1899380585" result="Passed" start-time="2016-11-01 10:38:59Z" end-time="2016-11-01 10:38:59Z" duration="0.000140" asserts="2" />
              <test-case id="1195" name="TestParser(&quot;cat==Urgent and test=='My.Tests'&quot;,&quot;&lt;and&gt;&lt;cat&gt;Urgent&lt;/cat&gt;&lt;test&gt;My.Tests&lt;/test&gt;&lt;/and&gt;&quot;)" fullname="NUnit.Common.Tests.TestSelectionParserTests.TestParser(&quot;cat==Urgent and test=='My.Tests'&quot;,&quot;&lt;and&gt;&lt;cat&gt;Urgent&lt;/cat&gt;&lt;test&gt;My.Tests&lt;/test&gt;&lt;/and&gt;&quot;)" methodname="TestParser" classname="NUnit.Common.Tests.TestSelectionParserTests" runstate="Runnable" seed="230468937" result="Passed" start-time="2016-11-01 10:38:59Z" end-time="2016-11-01 10:38:59Z" duration="0.000120" asserts="2" />
              <test-case id="1196" name="TestParser(&quot;cat==Urgent || test=='My.Tests'&quot;,&quot;&lt;or&gt;&lt;cat&gt;Urgent&lt;/cat&gt;&lt;test&gt;My.Tests&lt;/test&gt;&lt;/or&gt;&quot;)" fullname="NUnit.Common.Tests.TestSelectionParserTests.TestParser(&quot;cat==Urgent || test=='My.Tests'&quot;,&quot;&lt;or&gt;&lt;cat&gt;Urgent&lt;/cat&gt;&lt;test&gt;My.Tests&lt;/test&gt;&lt;/or&gt;&quot;)" methodname="TestParser" classname="NUnit.Common.Tests.TestSelectionParserTests" runstate="Runnable" seed="1136175049" result="Passed" start-time="2016-11-01 10:38:59Z" end-time="2016-11-01 10:38:59Z" duration="0.000136" asserts="2" />
              <test-case id="1197" name="TestParser(&quot;cat==Urgent or test=='My.Tests'&quot;,&quot;&lt;or&gt;&lt;cat&gt;Urgent&lt;/cat&gt;&lt;test&gt;My.Tests&lt;/test&gt;&lt;/or&gt;&quot;)" fullname="NUnit.Common.Tests.TestSelectionParserTests.TestParser(&quot;cat==Urgent or test=='My.Tests'&quot;,&quot;&lt;or&gt;&lt;cat&gt;Urgent&lt;/cat&gt;&lt;test&gt;My.Tests&lt;/test&gt;&lt;/or&gt;&quot;)" methodname="TestParser" classname="NUnit.Common.Tests.TestSelectionParserTests" runstate="Runnable" seed="1718612421" result="Passed" start-time="2016-11-01 10:38:59Z" end-time="2016-11-01 10:38:59Z" duration="0.000418" asserts="2" />
              <test-case id="1198" name="TestParser(&quot;cat==Urgent || test=='My.Tests' &amp;&amp; cat == high&quot;,&quot;&lt;or&gt;&lt;cat&gt;Urgent&lt;/cat&gt;&lt;and&gt;&lt;test&gt;My.Tests&lt;/test&gt;&lt;cat&gt;high&lt;/cat&gt;&lt;/and&gt;&lt;/or&gt;&quot;)" fullname="NUnit.Common.Tests.TestSelectionParserTests.TestParser(&quot;cat==Urgent || test=='My.Tests' &amp;&amp; cat == high&quot;,&quot;&lt;or&gt;&lt;cat&gt;Urgent&lt;/cat&gt;&lt;and&gt;&lt;test&gt;My.Tests&lt;/test&gt;&lt;cat&gt;high&lt;/cat&gt;&lt;/and&gt;&lt;/or&gt;&quot;)" methodname="TestParser" classname="NUnit.Common.Tests.TestSelectionParserTests" runstate="Runnable" seed="2033453842" result="Passed" start-time="2016-11-01 10:38:59Z" end-time="2016-11-01 10:38:59Z" duration="0.000138" asserts="2" />
              <test-case id="1199" name="TestParser(&quot;cat==Urgent &amp;&amp; test=='My.Tests' || cat == high&quot;,&quot;&lt;or&gt;&lt;and&gt;&lt;cat&gt;Urgent&lt;/cat&gt;&lt;test&gt;My.Tests&lt;/test&gt;&lt;/and&gt;&lt;cat&gt;high&lt;/cat&gt;&lt;/or&gt;&quot;)" fullname="NUnit.Common.Tests.TestSelectionParserTests.TestParser(&quot;cat==Urgent &amp;&amp; test=='My.Tests' || cat == high&quot;,&quot;&lt;or&gt;&lt;and&gt;&lt;cat&gt;Urgent&lt;/cat&gt;&lt;test&gt;My.Tests&lt;/test&gt;&lt;/and&gt;&lt;cat&gt;high&lt;/cat&gt;&lt;/or&gt;&quot;)" methodname="TestParser" classname="NUnit.Common.Tests.TestSelectionParserTests" runstate="Runnable" seed="2070125114" result="Passed" start-time="2016-11-01 10:38:59Z" end-time="2016-11-01 10:38:59Z" duration="0.000153" asserts="2" />
              <test-case id="1200" name="TestParser(&quot;cat==Urgent &amp;&amp; (test=='My.Tests' || cat == high)&quot;,&quot;&lt;and&gt;&lt;cat&gt;Urgent&lt;/cat&gt;&lt;or&gt;&lt;test&gt;My.Tests&lt;/test&gt;&lt;cat&gt;high&lt;/cat&gt;&lt;/or&gt;&lt;/and&gt;&quot;)" fullname="NUnit.Common.Tests.TestSelectionParserTests.TestParser(&quot;cat==Urgent &amp;&amp; (test=='My.Tests' || cat == high)&quot;,&quot;&lt;and&gt;&lt;cat&gt;Urgent&lt;/cat&gt;&lt;or&gt;&lt;test&gt;My.Tests&lt;/test&gt;&lt;cat&gt;high&lt;/cat&gt;&lt;/or&gt;&lt;/and&gt;&quot;)" methodname="TestParser" classname="NUnit.Common.Tests.TestSelectionParserTests" runstate="Runnable" seed="99360305" result="Passed" start-time="2016-11-01 10:38:59Z" end-time="2016-11-01 10:38:59Z" duration="0.000367" asserts="2" />
              <test-case id="1201" name="TestParser(&quot;cat==Urgent &amp;&amp; !(test=='My.Tests' || cat == high)&quot;,&quot;&lt;and&gt;&lt;cat&gt;Urgent&lt;/cat&gt;&lt;not&gt;&lt;or&gt;&lt;test&gt;My.Tests&lt;/test&gt;&lt;cat&gt;high&lt;/cat&gt;&lt;/or&gt;&lt;/not&gt;&lt;/and&gt;&quot;)" fullname="NUnit.Common.Tests.TestSelectionParserTests.TestParser(&quot;cat==Urgent &amp;&amp; !(test=='My.Tests' || cat == high)&quot;,&quot;&lt;and&gt;&lt;cat&gt;Urgent&lt;/cat&gt;&lt;not&gt;&lt;or&gt;&lt;test&gt;My.Tests&lt;/test&gt;&lt;cat&gt;high&lt;/cat&gt;&lt;/or&gt;&lt;/not&gt;&lt;/and&gt;&quot;)" methodname="TestParser" classname="NUnit.Common.Tests.TestSelectionParserTests" runstate="Runnable" seed="1795141133" result="Passed" start-time="2016-11-01 10:38:59Z" end-time="2016-11-01 10:38:59Z" duration="0.000142" asserts="2" />
            </test-suite>
            <test-suite type="ParameterizedMethod" id="1207" name="TestParser_InvalidInput" fullname="NUnit.Common.Tests.TestSelectionParserTests.TestParser_InvalidInput" classname="NUnit.Common.Tests.TestSelectionParserTests" runstate="Runnable" testcasecount="4" result="Passed" start-time="2016-11-01 10:38:59Z" end-time="2016-11-01 10:38:59Z" duration="0.008867" total="4" passed="4" failed="0" inconclusive="0" skipped="0" asserts="4">
              <test-case id="1203" name="TestParser_InvalidInput(null,System.ArgumentNullException)" fullname="NUnit.Common.Tests.TestSelectionParserTests.TestParser_InvalidInput(null,System.ArgumentNullException)" methodname="TestParser_InvalidInput" classname="NUnit.Common.Tests.TestSelectionParserTests" runstate="Runnable" seed="724196069" result="Passed" start-time="2016-11-01 10:38:59Z" end-time="2016-11-01 10:38:59Z" duration="0.001147" asserts="1" />
              <test-case id="1204" name="TestParser_InvalidInput(&quot;&quot;,NUnit.Common.TestSelectionParserException)" fullname="NUnit.Common.Tests.TestSelectionParserTests.TestParser_InvalidInput(&quot;&quot;,NUnit.Common.TestSelectionParserException)" methodname="TestParser_InvalidInput" classname="NUnit.Common.Tests.TestSelectionParserTests" runstate="Runnable" seed="1988958961" result="Passed" start-time="2016-11-01 10:38:59Z" end-time="2016-11-01 10:38:59Z" duration="0.000224" asserts="1" />
              <test-case id="1205" name="TestParser_InvalidInput(&quot;   &quot;,NUnit.Common.TestSelectionParserException)" fullname="NUnit.Common.Tests.TestSelectionParserTests.TestParser_InvalidInput(&quot;   &quot;,NUnit.Common.TestSelectionParserException)" methodname="TestParser_InvalidInput" classname="NUnit.Common.Tests.TestSelectionParserTests" runstate="Runnable" seed="1412900796" result="Passed" start-time="2016-11-01 10:38:59Z" end-time="2016-11-01 10:38:59Z" duration="0.000196" asserts="1" />
              <test-case id="1206" name="TestParser_InvalidInput(&quot;  \t\t &quot;,NUnit.Common.TestSelectionParserException)" fullname="NUnit.Common.Tests.TestSelectionParserTests.TestParser_InvalidInput(&quot;  \t\t &quot;,NUnit.Common.TestSelectionParserException)" methodname="TestParser_InvalidInput" classname="NUnit.Common.Tests.TestSelectionParserTests" runstate="Runnable" seed="1944618815" result="Passed" start-time="2016-11-01 10:38:59Z" end-time="2016-11-01 10:38:59Z" duration="0.000120" asserts="1" />
            </test-suite>
          </test-suite>
        </test-suite>
      </test-suite>
    </test-suite>
    <test-suite type="TestSuite" id="1225" name="NUnitLite" fullname="NUnitLite" runstate="Runnable" testcasecount="122" result="Skipped" label="Ignored" start-time="2016-11-01 10:38:59Z" end-time="2016-11-01 10:38:59Z" duration="0.233008" total="122" passed="121" failed="0" inconclusive="0" skipped="1" asserts="361">
      <reason>
        <message><![CDATA[One or more child tests were ignored]]></message>
      </reason>
      <test-suite type="TestSuite" id="1226" name="Tests" fullname="NUnitLite.Tests" runstate="Runnable" testcasecount="122" result="Skipped" label="Ignored" start-time="2016-11-01 10:38:59Z" end-time="2016-11-01 10:38:59Z" duration="0.230964" total="122" passed="121" failed="0" inconclusive="0" skipped="1" asserts="361">
        <reason>
          <message><![CDATA[One or more child tests were ignored]]></message>
        </reason>
        <test-suite type="TestFixture" id="1069" name="MakeRunSettingsTests" fullname="NUnitLite.Tests.MakeRunSettingsTests" classname="NUnitLite.Tests.MakeRunSettingsTests" runstate="Runnable" testcasecount="3" result="Passed" start-time="2016-11-01 10:38:59Z" end-time="2016-11-01 10:38:59Z" duration="0.007007" total="3" passed="3" failed="0" inconclusive="0" skipped="0" asserts="6">
          <test-case id="1072" name="WhenSeedIsSpecified_RunSettingsIncludeIt" fullname="NUnitLite.Tests.MakeRunSettingsTests.WhenSeedIsSpecified_RunSettingsIncludeIt" methodname="WhenSeedIsSpecified_RunSettingsIncludeIt" classname="NUnitLite.Tests.MakeRunSettingsTests" runstate="Runnable" seed="1792477284" result="Passed" start-time="2016-11-01 10:38:59Z" end-time="2016-11-01 10:38:59Z" duration="0.001086" asserts="2" />
          <test-case id="1070" name="WhenTimeoutIsSpecified_RunSettingsIncludeIt" fullname="NUnitLite.Tests.MakeRunSettingsTests.WhenTimeoutIsSpecified_RunSettingsIncludeIt" methodname="WhenTimeoutIsSpecified_RunSettingsIncludeIt" classname="NUnitLite.Tests.MakeRunSettingsTests" runstate="Runnable" seed="715485360" result="Passed" start-time="2016-11-01 10:38:59Z" end-time="2016-11-01 10:38:59Z" duration="0.000636" asserts="2" />
          <test-case id="1071" name="WhenWorkDirectoryIsSpecified_RunSettingsIncludeIt" fullname="NUnitLite.Tests.MakeRunSettingsTests.WhenWorkDirectoryIsSpecified_RunSettingsIncludeIt" methodname="WhenWorkDirectoryIsSpecified_RunSettingsIncludeIt" classname="NUnitLite.Tests.MakeRunSettingsTests" runstate="Runnable" seed="377540638" result="Passed" start-time="2016-11-01 10:38:59Z" end-time="2016-11-01 10:38:59Z" duration="0.000620" asserts="2" />
        </test-suite>
        <test-suite type="TestFixture" id="1116" name="TeamCityEventListenerTests" fullname="NUnitLite.Tests.TeamCityEventListenerTests" classname="NUnitLite.Tests.TeamCityEventListenerTests" runstate="Runnable" testcasecount="7" result="Passed" start-time="2016-11-01 10:38:59Z" end-time="2016-11-01 10:38:59Z" duration="0.098315" total="7" passed="7" failed="0" inconclusive="0" skipped="0" asserts="7">
          <test-case id="1123" name="TestFinished_Failed" fullname="NUnitLite.Tests.TeamCityEventListenerTests.TestFinished_Failed" methodname="TestFinished_Failed" classname="NUnitLite.Tests.TeamCityEventListenerTests" runstate="Runnable" seed="917031048" result="Passed" start-time="2016-11-01 10:38:59Z" end-time="2016-11-01 10:38:59Z" duration="0.082723" asserts="1" />
          <test-case id="1122" name="TestFinished_Ignored" fullname="NUnitLite.Tests.TeamCityEventListenerTests.TestFinished_Ignored" methodname="TestFinished_Ignored" classname="NUnitLite.Tests.TeamCityEventListenerTests" runstate="Runnable" seed="403637685" result="Passed" start-time="2016-11-01 10:38:59Z" end-time="2016-11-01 10:38:59Z" duration="0.000743" asserts="1" />
          <test-case id="1121" name="TestFinished_Inconclusive" fullname="NUnitLite.Tests.TeamCityEventListenerTests.TestFinished_Inconclusive" methodname="TestFinished_Inconclusive" classname="NUnitLite.Tests.TeamCityEventListenerTests" runstate="Runnable" seed="521839983" result="Passed" start-time="2016-11-01 10:38:59Z" end-time="2016-11-01 10:38:59Z" duration="0.000543" asserts="1" />
          <test-case id="1120" name="TestFinished_Passed" fullname="NUnitLite.Tests.TeamCityEventListenerTests.TestFinished_Passed" methodname="TestFinished_Passed" classname="NUnitLite.Tests.TeamCityEventListenerTests" runstate="Runnable" seed="1377552284" result="Passed" start-time="2016-11-01 10:38:59Z" end-time="2016-11-01 10:38:59Z" duration="0.000405" asserts="1" />
          <test-case id="1119" name="TestStarted" fullname="NUnitLite.Tests.TeamCityEventListenerTests.TestStarted" methodname="TestStarted" classname="NUnitLite.Tests.TeamCityEventListenerTests" runstate="Runnable" seed="187940807" result="Passed" start-time="2016-11-01 10:38:59Z" end-time="2016-11-01 10:38:59Z" duration="0.000692" asserts="1" />
          <test-case id="1118" name="TestSuiteFinished" fullname="NUnitLite.Tests.TeamCityEventListenerTests.TestSuiteFinished" methodname="TestSuiteFinished" classname="NUnitLite.Tests.TeamCityEventListenerTests" runstate="Runnable" seed="1244976203" result="Passed" start-time="2016-11-01 10:38:59Z" end-time="2016-11-01 10:38:59Z" duration="0.000321" asserts="1" />
          <test-case id="1117" name="TestSuiteStarted" fullname="NUnitLite.Tests.TeamCityEventListenerTests.TestSuiteStarted" methodname="TestSuiteStarted" classname="NUnitLite.Tests.TeamCityEventListenerTests" runstate="Runnable" seed="495701958" result="Passed" start-time="2016-11-01 10:38:59Z" end-time="2016-11-01 10:38:59Z" duration="0.000546" asserts="1" />
        </test-suite>
        <test-suite type="TestFixture" id="1060" name="CreateTestFilterTests" fullname="NUnitLite.Tests.CreateTestFilterTests" classname="NUnitLite.Tests.CreateTestFilterTests" runstate="Runnable" testcasecount="8" result="Passed" start-time="2016-11-01 10:38:59Z" end-time="2016-11-01 10:38:59Z" duration="0.135073" total="8" passed="8" failed="0" inconclusive="0" skipped="0" asserts="48">
          <test-case id="1061" name="EmptyFilter" fullname="NUnitLite.Tests.CreateTestFilterTests.EmptyFilter" methodname="EmptyFilter" classname="NUnitLite.Tests.CreateTestFilterTests" runstate="Runnable" seed="867695592" result="Passed" start-time="2016-11-01 10:38:59Z" end-time="2016-11-01 10:38:59Z" duration="0.006747" asserts="1" />
          <test-case id="1062" name="OneTestSelected" fullname="NUnitLite.Tests.CreateTestFilterTests.OneTestSelected" methodname="OneTestSelected" classname="NUnitLite.Tests.CreateTestFilterTests" runstate="Runnable" seed="581689038" result="Passed" start-time="2016-11-01 10:38:59Z" end-time="2016-11-01 10:38:59Z" duration="0.010870" asserts="2" />
          <test-case id="1065" name="SixTestsFromTwoTestListFiles" fullname="NUnitLite.Tests.CreateTestFilterTests.SixTestsFromTwoTestListFiles" methodname="SixTestsFromTwoTestListFiles" classname="NUnitLite.Tests.CreateTestFilterTests" runstate="Runnable" seed="1531679950" result="Passed" start-time="2016-11-01 10:38:59Z" end-time="2016-11-01 10:38:59Z" duration="0.045605" asserts="14" />
          <test-case id="1066" name="TestListFileMissing" fullname="NUnitLite.Tests.CreateTestFilterTests.TestListFileMissing" methodname="TestListFileMissing" classname="NUnitLite.Tests.CreateTestFilterTests" runstate="Runnable" seed="1956041220" result="Passed" start-time="2016-11-01 10:38:59Z" end-time="2016-11-01 10:38:59Z" duration="0.024550" asserts="3" />
          <test-case id="1064" name="ThreeTestsFromATestListFile" fullname="NUnitLite.Tests.CreateTestFilterTests.ThreeTestsFromATestListFile" methodname="ThreeTestsFromATestListFile" classname="NUnitLite.Tests.CreateTestFilterTests" runstate="Runnable" seed="1626314866" result="Passed" start-time="2016-11-01 10:38:59Z" end-time="2016-11-01 10:38:59Z" duration="0.002189" asserts="8" />
          <test-case id="1063" name="ThreeTestsSelected" fullname="NUnitLite.Tests.CreateTestFilterTests.ThreeTestsSelected" methodname="ThreeTestsSelected" classname="NUnitLite.Tests.CreateTestFilterTests" runstate="Runnable" seed="11563717" result="Passed" start-time="2016-11-01 10:38:59Z" end-time="2016-11-01 10:38:59Z" duration="0.001142" asserts="8" />
          <test-case id="1068" name="TwoTestsAndWhereClauseSpecified" fullname="NUnitLite.Tests.CreateTestFilterTests.TwoTestsAndWhereClauseSpecified" methodname="TwoTestsAndWhereClauseSpecified" classname="NUnitLite.Tests.CreateTestFilterTests" runstate="Runnable" seed="755501805" result="Passed" start-time="2016-11-01 10:38:59Z" end-time="2016-11-01 10:38:59Z" duration="0.006322" asserts="10" />
          <test-case id="1067" name="WhereClauseSpecified" fullname="NUnitLite.Tests.CreateTestFilterTests.WhereClauseSpecified" methodname="WhereClauseSpecified" classname="NUnitLite.Tests.CreateTestFilterTests" runstate="Runnable" seed="1289624468" result="Passed" start-time="2016-11-01 10:38:59Z" end-time="2016-11-01 10:38:59Z" duration="0.000423" asserts="2" />
        </test-suite>
        <test-suite type="TestFixture" id="1124" name="TextUITests" fullname="NUnitLite.Tests.TextUITests" classname="NUnitLite.Tests.TextUITests" runstate="Runnable" testcasecount="13" result="Skipped" label="Ignored" start-time="2016-11-01 10:38:59Z" end-time="2016-11-01 10:38:59Z" duration="0.047029" total="13" passed="12" failed="0" inconclusive="0" skipped="1" asserts="26">
          <reason>
            <message><![CDATA[One or more child tests were ignored]]></message>
          </reason>
          <test-case id="1126" name="DisplayError" fullname="NUnitLite.Tests.TextUITests.DisplayError" methodname="DisplayError" classname="NUnitLite.Tests.TextUITests" runstate="Runnable" seed="472641631" result="Passed" start-time="2016-11-01 10:38:59Z" end-time="2016-11-01 10:38:59Z" duration="0.001008" asserts="1" />
          <test-case id="1127" name="DisplayErrors" fullname="NUnitLite.Tests.TextUITests.DisplayErrors" methodname="DisplayErrors" classname="NUnitLite.Tests.TextUITests" runstate="Runnable" seed="885927394" result="Passed" start-time="2016-11-01 10:38:59Z" end-time="2016-11-01 10:38:59Z" duration="0.000807" asserts="1" />
          <test-case id="1128" name="DisplayHeader" fullname="NUnitLite.Tests.TextUITests.DisplayHeader" methodname="DisplayHeader" classname="NUnitLite.Tests.TextUITests" runstate="Runnable" seed="360027428" result="Passed" start-time="2016-11-01 10:38:59Z" end-time="2016-11-01 10:38:59Z" duration="0.002287" asserts="4" />
          <test-case id="1133" name="DisplayHelp" fullname="NUnitLite.Tests.TextUITests.DisplayHelp" methodname="DisplayHelp" classname="NUnitLite.Tests.TextUITests" runstate="Runnable" seed="943009331" result="Passed" start-time="2016-11-01 10:38:59Z" end-time="2016-11-01 10:38:59Z" duration="0.005730" asserts="1" />
          <test-case id="1130" name="DisplayRuntimeEnvironment" fullname="NUnitLite.Tests.TextUITests.DisplayRuntimeEnvironment" methodname="DisplayRuntimeEnvironment" classname="NUnitLite.Tests.TextUITests" runstate="Runnable" seed="1757536094" result="Passed" start-time="2016-11-01 10:38:59Z" end-time="2016-11-01 10:38:59Z" duration="0.002088" asserts="4" />
          <test-case id="1129" name="DisplayTestFiles" fullname="NUnitLite.Tests.TextUITests.DisplayTestFiles" methodname="DisplayTestFiles" classname="NUnitLite.Tests.TextUITests" runstate="Runnable" seed="1357735142" result="Passed" start-time="2016-11-01 10:38:59Z" end-time="2016-11-01 10:38:59Z" duration="0.001617" asserts="1" />
          <test-case id="1125" name="DisplayWarning" fullname="NUnitLite.Tests.TextUITests.DisplayWarning" methodname="DisplayWarning" classname="NUnitLite.Tests.TextUITests" runstate="Runnable" seed="926929710" result="Passed" start-time="2016-11-01 10:38:59Z" end-time="2016-11-01 10:38:59Z" duration="0.000282" asserts="1" />
          <test-case id="1137" name="ErrorsAndFailuresReportTest" fullname="NUnitLite.Tests.TextUITests.ErrorsAndFailuresReportTest" methodname="ErrorsAndFailuresReportTest" classname="NUnitLite.Tests.TextUITests" runstate="Runnable" seed="1061058033" result="Passed" start-time="2016-11-01 10:38:59Z" end-time="2016-11-01 10:38:59Z" duration="0.002540" asserts="9" />
          <test-case id="1134" name="ReportSequenceTest" fullname="NUnitLite.Tests.TextUITests.ReportSequenceTest" methodname="ReportSequenceTest" classname="NUnitLite.Tests.TextUITests" runstate="Ignored" seed="1462088706" result="Skipped" label="Ignored" start-time="2016-11-01 10:38:59Z" end-time="2016-11-01 10:38:59Z" duration="0.000017" asserts="0">
            <properties>
              <property name="_SKIPREASON" value="Test needs modification" />
            </properties>
            <reason>
              <message><![CDATA[Test needs modification]]></message>
            </reason>
          </test-case>
          <test-case id="1136" name="SummaryReportTest" fullname="NUnitLite.Tests.TextUITests.SummaryReportTest" methodname="SummaryReportTest" classname="NUnitLite.Tests.TextUITests" runstate="Runnable" seed="1640301798" result="Passed" start-time="2016-11-01 10:38:59Z" end-time="2016-11-01 10:38:59Z" duration="0.002561" asserts="1" />
          <test-case id="1131" name="TestFinished_NoOutput" fullname="NUnitLite.Tests.TextUITests.TestFinished_NoOutput" methodname="TestFinished_NoOutput" classname="NUnitLite.Tests.TextUITests" runstate="Runnable" seed="720772614" result="Passed" start-time="2016-11-01 10:38:59Z" end-time="2016-11-01 10:38:59Z" duration="0.000393" asserts="1" />
          <test-case id="1132" name="TestFinished_WithOutput" fullname="NUnitLite.Tests.TextUITests.TestFinished_WithOutput" methodname="TestFinished_WithOutput" classname="NUnitLite.Tests.TextUITests" runstate="Runnable" seed="2110378167" result="Passed" start-time="2016-11-01 10:38:59Z" end-time="2016-11-01 10:38:59Z" duration="0.000485" asserts="1" />
          <test-case id="1135" name="TestsNotRunTest" fullname="NUnitLite.Tests.TextUITests.TestsNotRunTest" methodname="TestsNotRunTest" classname="NUnitLite.Tests.TextUITests" runstate="Runnable" seed="140003259" result="Passed" start-time="2016-11-01 10:38:59Z" end-time="2016-11-01 10:38:59Z" duration="0.000889" asserts="1" />
        </test-suite>
        <test-suite type="TestFixture" id="1000" name="CommandLineTests" fullname="NUnitLite.Tests.CommandLineTests" classname="NUnitLite.Tests.CommandLineTests" runstate="Runnable" testcasecount="53" result="Passed" start-time="2016-11-01 10:38:59Z" end-time="2016-11-01 10:38:59Z" duration="0.228014" total="53" passed="53" failed="0" inconclusive="0" skipped="0" asserts="214">
          <test-case id="1032" name="AssemblyAloneIsValid" fullname="NUnitLite.Tests.CommandLineTests.AssemblyAloneIsValid" methodname="AssemblyAloneIsValid" classname="NUnitLite.Tests.CommandLineTests" runstate="Runnable" seed="2084162221" result="Passed" start-time="2016-11-01 10:38:59Z" end-time="2016-11-01 10:38:59Z" duration="0.015243" asserts="2" />
          <test-case id="1031" name="AssemblyName" fullname="NUnitLite.Tests.CommandLineTests.AssemblyName" methodname="AssemblyName" classname="NUnitLite.Tests.CommandLineTests" runstate="Runnable" seed="1085046194" result="Passed" start-time="2016-11-01 10:38:59Z" end-time="2016-11-01 10:38:59Z" duration="0.000650" asserts="3" />
          <test-suite type="ParameterizedMethod" id="1009" name="CanRecognizeBooleanOptions" fullname="NUnitLite.Tests.CommandLineTests.CanRecognizeBooleanOptions" classname="NUnitLite.Tests.CommandLineTests" runstate="Runnable" testcasecount="7" result="Passed" start-time="2016-11-01 10:38:59Z" end-time="2016-11-01 10:38:59Z" duration="0.094980" total="7" passed="7" failed="0" inconclusive="0" skipped="0" asserts="34">
            <test-case id="1002" name="CanRecognizeBooleanOptions(&quot;ShowHelp&quot;,&quot;help|h&quot;)" fullname="NUnitLite.Tests.CommandLineTests.CanRecognizeBooleanOptions(&quot;ShowHelp&quot;,&quot;help|h&quot;)" methodname="CanRecognizeBooleanOptions" classname="NUnitLite.Tests.CommandLineTests" runstate="Runnable" seed="138441979" result="Passed" start-time="2016-11-01 10:38:59Z" end-time="2016-11-01 10:38:59Z" duration="0.004878" asserts="6">
              <output><![CDATA[Testing ShowHelp
]]></output>
            </test-case>
            <test-case id="1003" name="CanRecognizeBooleanOptions(&quot;ShowVersion&quot;,&quot;version|V&quot;)" fullname="NUnitLite.Tests.CommandLineTests.CanRecognizeBooleanOptions(&quot;ShowVersion&quot;,&quot;version|V&quot;)" methodname="CanRecognizeBooleanOptions" classname="NUnitLite.Tests.CommandLineTests" runstate="Runnable" seed="996382577" result="Passed" start-time="2016-11-01 10:38:59Z" end-time="2016-11-01 10:38:59Z" duration="0.000761" asserts="6">
              <output><![CDATA[Testing ShowVersion
]]></output>
            </test-case>
            <test-case id="1004" name="CanRecognizeBooleanOptions(&quot;StopOnError&quot;,&quot;stoponerror&quot;)" fullname="NUnitLite.Tests.CommandLineTests.CanRecognizeBooleanOptions(&quot;StopOnError&quot;,&quot;stoponerror&quot;)" methodname="CanRecognizeBooleanOptions" classname="NUnitLite.Tests.CommandLineTests" runstate="Runnable" seed="1150160783" result="Passed" start-time="2016-11-01 10:38:59Z" end-time="2016-11-01 10:38:59Z" duration="0.000428" asserts="4">
              <output><![CDATA[Testing StopOnError
]]></output>
            </test-case>
            <test-case id="1005" name="CanRecognizeBooleanOptions(&quot;WaitBeforeExit&quot;,&quot;wait&quot;)" fullname="NUnitLite.Tests.CommandLineTests.CanRecognizeBooleanOptions(&quot;WaitBeforeExit&quot;,&quot;wait&quot;)" methodname="CanRecognizeBooleanOptions" classname="NUnitLite.Tests.CommandLineTests" runstate="Runnable" seed="279569392" result="Passed" start-time="2016-11-01 10:38:59Z" end-time="2016-11-01 10:38:59Z" duration="0.034903" asserts="4">
              <output><![CDATA[Testing WaitBeforeExit
]]></output>
            </test-case>
            <test-case id="1006" name="CanRecognizeBooleanOptions(&quot;NoHeader&quot;,&quot;noheader|noh&quot;)" fullname="NUnitLite.Tests.CommandLineTests.CanRecognizeBooleanOptions(&quot;NoHeader&quot;,&quot;noheader|noh&quot;)" methodname="CanRecognizeBooleanOptions" classname="NUnitLite.Tests.CommandLineTests" runstate="Runnable" seed="1527616816" result="Passed" start-time="2016-11-01 10:38:59Z" end-time="2016-11-01 10:38:59Z" duration="0.000463" asserts="6">
              <output><![CDATA[Testing NoHeader
]]></output>
            </test-case>
            <test-case id="1007" name="CanRecognizeBooleanOptions(&quot;Full&quot;,&quot;full&quot;)" fullname="NUnitLite.Tests.CommandLineTests.CanRecognizeBooleanOptions(&quot;Full&quot;,&quot;full&quot;)" methodname="CanRecognizeBooleanOptions" classname="NUnitLite.Tests.CommandLineTests" runstate="Runnable" seed="499229986" result="Passed" start-time="2016-11-01 10:38:59Z" end-time="2016-11-01 10:38:59Z" duration="0.000563" asserts="4">
              <output><![CDATA[Testing Full
]]></output>
            </test-case>
            <test-case id="1008" name="CanRecognizeBooleanOptions(&quot;TeamCity&quot;,&quot;teamcity&quot;)" fullname="NUnitLite.Tests.CommandLineTests.CanRecognizeBooleanOptions(&quot;TeamCity&quot;,&quot;teamcity&quot;)" methodname="CanRecognizeBooleanOptions" classname="NUnitLite.Tests.CommandLineTests" runstate="Runnable" seed="1905421084" result="Passed" start-time="2016-11-01 10:38:59Z" end-time="2016-11-01 10:38:59Z" duration="0.000421" asserts="4">
              <output><![CDATA[Testing TeamCity
]]></output>
            </test-case>
          </test-suite>
          <test-suite type="ParameterizedMethod" id="1023" name="CanRecognizeIntOptions" fullname="NUnitLite.Tests.CommandLineTests.CanRecognizeIntOptions" classname="NUnitLite.Tests.CommandLineTests" runstate="Runnable" testcasecount="3" result="Passed" start-time="2016-11-01 10:38:59Z" end-time="2016-11-01 10:38:59Z" duration="0.008400" total="3" passed="3" failed="0" inconclusive="0" skipped="0" asserts="9">
            <test-case id="1020" name="CanRecognizeIntOptions(&quot;DefaultTimeout&quot;,&quot;timeout&quot;)" fullname="NUnitLite.Tests.CommandLineTests.CanRecognizeIntOptions(&quot;DefaultTimeout&quot;,&quot;timeout&quot;)" methodname="CanRecognizeIntOptions" classname="NUnitLite.Tests.CommandLineTests" runstate="Runnable" seed="428095893" result="Passed" start-time="2016-11-01 10:38:59Z" end-time="2016-11-01 10:38:59Z" duration="0.000740" asserts="3" />
            <test-case id="1021" name="CanRecognizeIntOptions(&quot;RandomSeed&quot;,&quot;seed&quot;)" fullname="NUnitLite.Tests.CommandLineTests.CanRecognizeIntOptions(&quot;RandomSeed&quot;,&quot;seed&quot;)" methodname="CanRecognizeIntOptions" classname="NUnitLite.Tests.CommandLineTests" runstate="Runnable" seed="1531031170" result="Passed" start-time="2016-11-01 10:38:59Z" end-time="2016-11-01 10:38:59Z" duration="0.000146" asserts="3" />
            <test-case id="1022" name="CanRecognizeIntOptions(&quot;NumberOfTestWorkers&quot;,&quot;workers&quot;)" fullname="NUnitLite.Tests.CommandLineTests.CanRecognizeIntOptions(&quot;NumberOfTestWorkers&quot;,&quot;workers&quot;)" methodname="CanRecognizeIntOptions" classname="NUnitLite.Tests.CommandLineTests" runstate="Runnable" seed="7211893" result="Passed" start-time="2016-11-01 10:38:59Z" end-time="2016-11-01 10:38:59Z" duration="0.000191" asserts="3" />
          </test-suite>
          <test-suite type="ParameterizedMethod" id="1019" name="CanRecognizeLowerCaseOptionValues" fullname="NUnitLite.Tests.CommandLineTests.CanRecognizeLowerCaseOptionValues" classname="NUnitLite.Tests.CommandLineTests" runstate="Runnable" testcasecount="2" result="Passed" start-time="2016-11-01 10:38:59Z" end-time="2016-11-01 10:38:59Z" duration="0.006021" total="2" passed="2" failed="0" inconclusive="0" skipped="0" asserts="22">
            <test-case id="1017" name="CanRecognizeLowerCaseOptionValues(&quot;DisplayTestLabels&quot;,&quot;labels&quot;,System.String[])" fullname="NUnitLite.Tests.CommandLineTests.CanRecognizeLowerCaseOptionValues(&quot;DisplayTestLabels&quot;,&quot;labels&quot;,System.String[])" methodname="CanRecognizeLowerCaseOptionValues" classname="NUnitLite.Tests.CommandLineTests" runstate="Runnable" seed="1003463935" result="Passed" start-time="2016-11-01 10:38:59Z" end-time="2016-11-01 10:38:59Z" duration="0.001218" asserts="8" />
            <test-case id="1018" name="CanRecognizeLowerCaseOptionValues(&quot;InternalTraceLevel&quot;,&quot;trace&quot;,System.String[])" fullname="NUnitLite.Tests.CommandLineTests.CanRecognizeLowerCaseOptionValues(&quot;InternalTraceLevel&quot;,&quot;trace&quot;,System.String[])" methodname="CanRecognizeLowerCaseOptionValues" classname="NUnitLite.Tests.CommandLineTests" runstate="Runnable" seed="820919989" result="Passed" start-time="2016-11-01 10:38:59Z" end-time="2016-11-01 10:38:59Z" duration="0.000476" asserts="14" />
          </test-suite>
          <test-suite type="ParameterizedMethod" id="1016" name="CanRecognizeStringOptions" fullname="NUnitLite.Tests.CommandLineTests.CanRecognizeStringOptions" classname="NUnitLite.Tests.CommandLineTests" runstate="Runnable" testcasecount="6" result="Passed" start-time="2016-11-01 10:38:59Z" end-time="2016-11-01 10:38:59Z" duration="0.012924" total="6" passed="6" failed="0" inconclusive="0" skipped="0" asserts="42">
            <test-case id="1010" name="CanRecognizeStringOptions(&quot;WhereClause&quot;,&quot;where&quot;,System.String[],System.String[])" fullname="NUnitLite.Tests.CommandLineTests.CanRecognizeStringOptions(&quot;WhereClause&quot;,&quot;where&quot;,System.String[],System.String[])" methodname="CanRecognizeStringOptions" classname="NUnitLite.Tests.CommandLineTests" runstate="Runnable" seed="372992439" result="Passed" start-time="2016-11-01 10:38:59Z" end-time="2016-11-01 10:38:59Z" duration="0.001612" asserts="4" />
            <test-case id="1011" name="CanRecognizeStringOptions(&quot;DisplayTestLabels&quot;,&quot;labels&quot;,System.String[],System.String[])" fullname="NUnitLite.Tests.CommandLineTests.CanRecognizeStringOptions(&quot;DisplayTestLabels&quot;,&quot;labels&quot;,System.String[],System.String[])" methodname="CanRecognizeStringOptions" classname="NUnitLite.Tests.CommandLineTests" runstate="Runnable" seed="450227049" result="Passed" start-time="2016-11-01 10:38:59Z" end-time="2016-11-01 10:38:59Z" duration="0.000250" asserts="9" />
            <test-case id="1012" name="CanRecognizeStringOptions(&quot;OutFile&quot;,&quot;output|out&quot;,System.String[],System.String[])" fullname="NUnitLite.Tests.CommandLineTests.CanRecognizeStringOptions(&quot;OutFile&quot;,&quot;output|out&quot;,System.String[],System.String[])" methodname="CanRecognizeStringOptions" classname="NUnitLite.Tests.CommandLineTests" runstate="Runnable" seed="443830180" result="Passed" start-time="2016-11-01 10:38:59Z" end-time="2016-11-01 10:38:59Z" duration="0.000291" asserts="6" />
            <test-case id="1013" name="CanRecognizeStringOptions(&quot;ErrFile&quot;,&quot;err&quot;,System.String[],System.String[])" fullname="NUnitLite.Tests.CommandLineTests.CanRecognizeStringOptions(&quot;ErrFile&quot;,&quot;err&quot;,System.String[],System.String[])" methodname="CanRecognizeStringOptions" classname="NUnitLite.Tests.CommandLineTests" runstate="Runnable" seed="2063044118" result="Passed" start-time="2016-11-01 10:38:59Z" end-time="2016-11-01 10:38:59Z" duration="0.000336" asserts="4" />
            <test-case id="1014" name="CanRecognizeStringOptions(&quot;WorkDirectory&quot;,&quot;work&quot;,System.String[],System.String[])" fullname="NUnitLite.Tests.CommandLineTests.CanRecognizeStringOptions(&quot;WorkDirectory&quot;,&quot;work&quot;,System.String[],System.String[])" methodname="CanRecognizeStringOptions" classname="NUnitLite.Tests.CommandLineTests" runstate="Runnable" seed="1214171493" result="Passed" start-time="2016-11-01 10:38:59Z" end-time="2016-11-01 10:38:59Z" duration="0.000219" asserts="4" />
            <test-case id="1015" name="CanRecognizeStringOptions(&quot;InternalTraceLevel&quot;,&quot;trace&quot;,System.String[],System.String[])" fullname="NUnitLite.Tests.CommandLineTests.CanRecognizeStringOptions(&quot;InternalTraceLevel&quot;,&quot;trace&quot;,System.String[],System.String[])" methodname="CanRecognizeStringOptions" classname="NUnitLite.Tests.CommandLineTests" runstate="Runnable" seed="861802904" result="Passed" start-time="2016-11-01 10:38:59Z" end-time="2016-11-01 10:38:59Z" duration="0.000242" asserts="15" />
          </test-suite>
          <test-case id="1045" name="DefaultResultSpecification" fullname="NUnitLite.Tests.CommandLineTests.DefaultResultSpecification" methodname="DefaultResultSpecification" classname="NUnitLite.Tests.CommandLineTests" runstate="Runnable" seed="1544804072" result="Passed" start-time="2016-11-01 10:38:59Z" end-time="2016-11-01 10:38:59Z" duration="0.000663" asserts="4" />
          <test-case id="1049" name="ExploreOptionWithFilePath" fullname="NUnitLite.Tests.CommandLineTests.ExploreOptionWithFilePath" methodname="ExploreOptionWithFilePath" classname="NUnitLite.Tests.CommandLineTests" runstate="Runnable" seed="677475840" result="Passed" start-time="2016-11-01 10:38:59Z" end-time="2016-11-01 10:38:59Z" duration="0.000796" asserts="7" />
          <test-case id="1050" name="ExploreOptionWithFilePathAndFormat" fullname="NUnitLite.Tests.CommandLineTests.ExploreOptionWithFilePathAndFormat" methodname="ExploreOptionWithFilePathAndFormat" classname="NUnitLite.Tests.CommandLineTests" runstate="Runnable" seed="368049669" result="Passed" start-time="2016-11-01 10:38:59Z" end-time="2016-11-01 10:38:59Z" duration="0.000624" asserts="7" />
          <test-case id="1051" name="ExploreOptionWithFilePathAndTransform" fullname="NUnitLite.Tests.CommandLineTests.ExploreOptionWithFilePathAndTransform" methodname="ExploreOptionWithFilePathAndTransform" classname="NUnitLite.Tests.CommandLineTests" runstate="Runnable" seed="838876928" result="Passed" start-time="2016-11-01 10:38:59Z" end-time="2016-11-01 10:38:59Z" duration="0.000912" asserts="7" />
          <test-case id="1052" name="ExploreOptionWithFilePathUsingEqualSign" fullname="NUnitLite.Tests.CommandLineTests.ExploreOptionWithFilePathUsingEqualSign" methodname="ExploreOptionWithFilePathUsingEqualSign" classname="NUnitLite.Tests.CommandLineTests" runstate="Runnable" seed="178426084" result="Passed" start-time="2016-11-01 10:38:59Z" end-time="2016-11-01 10:38:59Z" duration="0.000679" asserts="5" />
          <test-case id="1048" name="ExploreOptionWithoutPath" fullname="NUnitLite.Tests.CommandLineTests.ExploreOptionWithoutPath" methodname="ExploreOptionWithoutPath" classname="NUnitLite.Tests.CommandLineTests" runstate="Runnable" seed="1294648728" result="Passed" start-time="2016-11-01 10:38:59Z" end-time="2016-11-01 10:38:59Z" duration="0.000302" asserts="2" />
          <test-case id="1039" name="FileNameWithoutResultOptionLooksLikeParameter" fullname="NUnitLite.Tests.CommandLineTests.FileNameWithoutResultOptionLooksLikeParameter" methodname="FileNameWithoutResultOptionLooksLikeParameter" classname="NUnitLite.Tests.CommandLineTests" runstate="Runnable" seed="1140629961" result="Passed" start-time="2016-11-01 10:38:59Z" end-time="2016-11-01 10:38:59Z" duration="0.000490" asserts="3" />
          <test-case id="1034" name="InvalidCommandLineParms" fullname="NUnitLite.Tests.CommandLineTests.InvalidCommandLineParms" methodname="InvalidCommandLineParms" classname="NUnitLite.Tests.CommandLineTests" runstate="Runnable" seed="77429039" result="Passed" start-time="2016-11-01 10:38:59Z" end-time="2016-11-01 10:38:59Z" duration="0.001763" asserts="4" />
          <test-case id="1033" name="InvalidOption" fullname="NUnitLite.Tests.CommandLineTests.InvalidOption" methodname="InvalidOption" classname="NUnitLite.Tests.CommandLineTests" runstate="Runnable" seed="1000206433" result="Passed" start-time="2016-11-01 10:38:59Z" end-time="2016-11-01 10:38:59Z" duration="0.000422" asserts="3" />
          <test-suite type="ParameterizedMethod" id="1030" name="MissingValuesAreReported" fullname="NUnitLite.Tests.CommandLineTests.MissingValuesAreReported" classname="NUnitLite.Tests.CommandLineTests" runstate="Runnable" testcasecount="6" result="Passed" start-time="2016-11-01 10:38:59Z" end-time="2016-11-01 10:38:59Z" duration="0.012034" total="6" passed="6" failed="0" inconclusive="0" skipped="0" asserts="12">
            <test-case id="1024" name="MissingValuesAreReported(&quot;--where&quot;)" fullname="NUnitLite.Tests.CommandLineTests.MissingValuesAreReported(&quot;--where&quot;)" methodname="MissingValuesAreReported" classname="NUnitLite.Tests.CommandLineTests" runstate="Runnable" seed="1140196135" result="Passed" start-time="2016-11-01 10:38:59Z" end-time="2016-11-01 10:38:59Z" duration="0.000367" asserts="2" />
            <test-case id="1025" name="MissingValuesAreReported(&quot;--timeout&quot;)" fullname="NUnitLite.Tests.CommandLineTests.MissingValuesAreReported(&quot;--timeout&quot;)" methodname="MissingValuesAreReported" classname="NUnitLite.Tests.CommandLineTests" runstate="Runnable" seed="950686705" result="Passed" start-time="2016-11-01 10:38:59Z" end-time="2016-11-01 10:38:59Z" duration="0.000109" asserts="2" />
            <test-case id="1026" name="MissingValuesAreReported(&quot;--output&quot;)" fullname="NUnitLite.Tests.CommandLineTests.MissingValuesAreReported(&quot;--output&quot;)" methodname="MissingValuesAreReported" classname="NUnitLite.Tests.CommandLineTests" runstate="Runnable" seed="669163030" result="Passed" start-time="2016-11-01 10:38:59Z" end-time="2016-11-01 10:38:59Z" duration="0.000116" asserts="2" />
            <test-case id="1027" name="MissingValuesAreReported(&quot;--err&quot;)" fullname="NUnitLite.Tests.CommandLineTests.MissingValuesAreReported(&quot;--err&quot;)" methodname="MissingValuesAreReported" classname="NUnitLite.Tests.CommandLineTests" runstate="Runnable" seed="955011485" result="Passed" start-time="2016-11-01 10:38:59Z" end-time="2016-11-01 10:38:59Z" duration="0.000096" asserts="2" />
            <test-case id="1028" name="MissingValuesAreReported(&quot;--work&quot;)" fullname="NUnitLite.Tests.CommandLineTests.MissingValuesAreReported(&quot;--work&quot;)" methodname="MissingValuesAreReported" classname="NUnitLite.Tests.CommandLineTests" runstate="Runnable" seed="1509488351" result="Passed" start-time="2016-11-01 10:38:59Z" end-time="2016-11-01 10:38:59Z" duration="0.000105" asserts="2" />
            <test-case id="1029" name="MissingValuesAreReported(&quot;--trace&quot;)" fullname="NUnitLite.Tests.CommandLineTests.MissingValuesAreReported(&quot;--trace&quot;)" methodname="MissingValuesAreReported" classname="NUnitLite.Tests.CommandLineTests" runstate="Runnable" seed="176903022" result="Passed" start-time="2016-11-01 10:38:59Z" end-time="2016-11-01 10:38:59Z" duration="0.000142" asserts="2" />
          </test-suite>
          <test-case id="1001" name="NoInputFiles" fullname="NUnitLite.Tests.CommandLineTests.NoInputFiles" methodname="NoInputFiles" classname="NUnitLite.Tests.CommandLineTests" runstate="Runnable" seed="1040727652" result="Passed" start-time="2016-11-01 10:38:59Z" end-time="2016-11-01 10:38:59Z" duration="0.000410" asserts="2" />
          <test-case id="1047" name="NoResultSuppressesAllResultSpecifications" fullname="NUnitLite.Tests.CommandLineTests.NoResultSuppressesAllResultSpecifications" methodname="NoResultSuppressesAllResultSpecifications" classname="NUnitLite.Tests.CommandLineTests" runstate="Runnable" seed="714703426" result="Passed" start-time="2016-11-01 10:38:59Z" end-time="2016-11-01 10:38:59Z" duration="0.000530" asserts="1" />
          <test-case id="1046" name="NoResultSuppressesDefaultResultSpecification" fullname="NUnitLite.Tests.CommandLineTests.NoResultSuppressesDefaultResultSpecification" methodname="NoResultSuppressesDefaultResultSpecification" classname="NUnitLite.Tests.CommandLineTests" runstate="Runnable" seed="1729871147" result="Passed" start-time="2016-11-01 10:38:59Z" end-time="2016-11-01 10:38:59Z" duration="0.000456" asserts="1" />
          <test-case id="1044" name="ResultOptionMayBeRepeated" fullname="NUnitLite.Tests.CommandLineTests.ResultOptionMayBeRepeated" methodname="ResultOptionMayBeRepeated" classname="NUnitLite.Tests.CommandLineTests" runstate="Runnable" seed="223742228" result="Passed" start-time="2016-11-01 10:38:59Z" end-time="2016-11-01 10:38:59Z" duration="0.000810" asserts="11" />
[...]
          <test-case id="1036" name="TimeoutThrowsExceptionIfOptionHasNoValue" fullname="NUnitLite.Tests.CommandLineTests.TimeoutThrowsExceptionIfOptionHasNoValue" methodname="TimeoutThrowsExceptionIfOptionHasNoValue" classname="NUnitLite.Tests.CommandLineTests" runstate="Runnable" seed="270805750" result="Passed" start-time="2016-11-01 10:38:59Z" end-time="2016-11-01 10:38:59Z" duration="0.001867" asserts="1" />
        </test-suite>
        <test-suite type="TestFixture" id="1073" name="NUnit2XmlOutputWriterTests" fullname="NUnitLite.Tests.NUnit2XmlOutputWriterTests" classname="NUnitLite.Tests.NUnit2XmlOutputWriterTests" runstate="Runnable" testcasecount="38" result="Passed" start-time="2016-11-01 10:38:59Z" end-time="2016-11-01 10:38:59Z" duration="0.197908" total="38" passed="38" failed="0" inconclusive="0" skipped="0" asserts="60">
          <test-case id="1101" name="CultureInfo_HasCultureInfoElement" fullname="NUnitLite.Tests.NUnit2XmlOutputWriterTests.CultureInfo_HasCultureInfoElement" methodname="CultureInfo_HasCultureInfoElement" classname="NUnitLite.Tests.NUnit2XmlOutputWriterTests" runstate="Runnable" seed="1812467822" result="Passed" start-time="2016-11-01 10:38:59Z" end-time="2016-11-01 10:38:59Z" duration="0.000416" asserts="1" />
          <test-suite type="ParameterizedMethod" id="1104" name="CultureInfo_HasRequiredAttribute" fullname="NUnitLite.Tests.NUnit2XmlOutputWriterTests.CultureInfo_HasRequiredAttribute" classname="NUnitLite.Tests.NUnit2XmlOutputWriterTests" runstate="Runnable" testcasecount="2" result="Passed" start-time="2016-11-01 10:38:59Z" end-time="2016-11-01 10:38:59Z" duration="0.005032" total="2" passed="2" failed="0" inconclusive="0" skipped="0" asserts="4">
            <test-case id="1102" name="CultureInfo_HasRequiredAttribute(&quot;current-culture&quot;)" fullname="NUnitLite.Tests.NUnit2XmlOutputWriterTests.CultureInfo_HasRequiredAttribute(&quot;current-culture&quot;)" methodname="CultureInfo_HasRequiredAttribute" classname="NUnitLite.Tests.NUnit2XmlOutputWriterTests" runstate="Runnable" seed="1577355253" result="Passed" start-time="2016-11-01 10:38:59Z" end-time="2016-11-01 10:38:59Z" duration="0.001194" asserts="2" />
            <test-case id="1103" name="CultureInfo_HasRequiredAttribute(&quot;current-uiculture&quot;)" fullname="NUnitLite.Tests.NUnit2XmlOutputWriterTests.CultureInfo_HasRequiredAttribute(&quot;current-uiculture&quot;)" methodname="CultureInfo_HasRequiredAttribute" classname="NUnitLite.Tests.NUnit2XmlOutputWriterTests" runstate="Runnable" seed="1664525114" result="Passed" start-time="2016-11-01 10:38:59Z" end-time="2016-11-01 10:38:59Z" duration="0.000040" asserts="2" />
          </test-suite>
          <test-case id="1075" name="Document_FirstChildIsXmlDeclaration" fullname="NUnitLite.Tests.NUnit2XmlOutputWriterTests.Document_FirstChildIsXmlDeclaration" methodname="Document_FirstChildIsXmlDeclaration" classname="NUnitLite.Tests.NUnit2XmlOutputWriterTests" runstate="Runnable" seed="420702161" result="Passed" start-time="2016-11-01 10:38:59Z" end-time="2016-11-01 10:38:59Z" duration="0.002157" asserts="2" />
          <test-case id="1078" name="Document_HasTestResults" fullname="NUnitLite.Tests.NUnit2XmlOutputWriterTests.Document_HasTestResults" methodname="Document_HasTestResults" classname="NUnitLite.Tests.NUnit2XmlOutputWriterTests" runstate="Runnable" seed="1333709603" result="Passed" start-time="2016-11-01 10:38:59Z" end-time="2016-11-01 10:38:59Z" duration="0.000349" asserts="2" />
          <test-case id="1074" name="Document_HasThreeChildren" fullname="NUnitLite.Tests.NUnit2XmlOutputWriterTests.Document_HasThreeChildren" methodname="Document_HasThreeChildren" classname="NUnitLite.Tests.NUnit2XmlOutputWriterTests" runstate="Runnable" seed="1427197253" result="Passed" start-time="2016-11-01 10:38:59Z" end-time="2016-11-01 10:38:59Z" duration="0.000272" asserts="1" />
          <test-case id="1076" name="Document_SecondChildIsComment" fullname="NUnitLite.Tests.NUnit2XmlOutputWriterTests.Document_SecondChildIsComment" methodname="Document_SecondChildIsComment" classname="NUnitLite.Tests.NUnit2XmlOutputWriterTests" runstate="Runnable" seed="1430716042" result="Passed" start-time="2016-11-01 10:38:59Z" end-time="2016-11-01 10:38:59Z" duration="0.000297" asserts="1" />
          <test-case id="1077" name="Document_ThirdChildIsTestResults" fullname="NUnitLite.Tests.NUnit2XmlOutputWriterTests.Document_ThirdChildIsTestResults" methodname="Document_ThirdChildIsTestResults" classname="NUnitLite.Tests.NUnit2XmlOutputWriterTests" runstate="Runnable" seed="496477461" result="Passed" start-time="2016-11-01 10:38:59Z" end-time="2016-11-01 10:38:59Z" duration="0.000308" asserts="1" />
          <test-case id="1091" name="Environment_HasEnvironmentElement" fullname="NUnitLite.Tests.NUnit2XmlOutputWriterTests.Environment_HasEnvironmentElement" methodname="Environment_HasEnvironmentElement" classname="NUnitLite.Tests.NUnit2XmlOutputWriterTests" runstate="Runnable" seed="1358240888" result="Passed" start-time="2016-11-01 10:38:59Z" end-time="2016-11-01 10:38:59Z" duration="0.000292" asserts="1" />
          <test-suite type="ParameterizedMethod" id="1100" name="Environment_HasRequiredAttribute" fullname="NUnitLite.Tests.NUnit2XmlOutputWriterTests.Environment_HasRequiredAttribute" classname="NUnitLite.Tests.NUnit2XmlOutputWriterTests" runstate="Runnable" testcasecount="8" result="Passed" start-time="2016-11-01 10:38:59Z" end-time="2016-11-01 10:38:59Z" duration="0.015952" total="8" passed="8" failed="0" inconclusive="0" skipped="0" asserts="8">
            <test-case id="1092" name="Environment_HasRequiredAttribute(&quot;nunit-version&quot;)" fullname="NUnitLite.Tests.NUnit2XmlOutputWriterTests.Environment_HasRequiredAttribute(&quot;nunit-version&quot;)" methodname="Environment_HasRequiredAttribute" classname="NUnitLite.Tests.NUnit2XmlOutputWriterTests" runstate="Runnable" seed="518491301" result="Passed" start-time="2016-11-01 10:38:59Z" end-time="2016-11-01 10:38:59Z" duration="0.000162" asserts="1" />
            <test-case id="1093" name="Environment_HasRequiredAttribute(&quot;clr-version&quot;)" fullname="NUnitLite.Tests.NUnit2XmlOutputWriterTests.Environment_HasRequiredAttribute(&quot;clr-version&quot;)" methodname="Environment_HasRequiredAttribute" classname="NUnitLite.Tests.NUnit2XmlOutputWriterTests" runstate="Runnable" seed="662369317" result="Passed" start-time="2016-11-01 10:38:59Z" end-time="2016-11-01 10:38:59Z" duration="0.000072" asserts="1" />
            <test-case id="1094" name="Environment_HasRequiredAttribute(&quot;os-version&quot;)" fullname="NUnitLite.Tests.NUnit2XmlOutputWriterTests.Environment_HasRequiredAttribute(&quot;os-version&quot;)" methodname="Environment_HasRequiredAttribute" classname="NUnitLite.Tests.NUnit2XmlOutputWriterTests" runstate="Runnable" seed="1598405594" result="Passed" start-time="2016-11-01 10:38:59Z" end-time="2016-11-01 10:38:59Z" duration="0.000050" asserts="1" />
            <test-case id="1095" name="Environment_HasRequiredAttribute(&quot;platform&quot;)" fullname="NUnitLite.Tests.NUnit2XmlOutputWriterTests.Environment_HasRequiredAttribute(&quot;platform&quot;)" methodname="Environment_HasRequiredAttribute" classname="NUnitLite.Tests.NUnit2XmlOutputWriterTests" runstate="Runnable" seed="2020153224" result="Passed" start-time="2016-11-01 10:38:59Z" end-time="2016-11-01 10:38:59Z" duration="0.000061" asserts="1" />
            <test-case id="1096" name="Environment_HasRequiredAttribute(&quot;cwd&quot;)" fullname="NUnitLite.Tests.NUnit2XmlOutputWriterTests.Environment_HasRequiredAttribute(&quot;cwd&quot;)" methodname="Environment_HasRequiredAttribute" classname="NUnitLite.Tests.NUnit2XmlOutputWriterTests" runstate="Runnable" seed="2047282767" result="Passed" start-time="2016-11-01 10:38:59Z" end-time="2016-11-01 10:38:59Z" duration="0.000076" asserts="1" />
            <test-case id="1097" name="Environment_HasRequiredAttribute(&quot;machine-name&quot;)" fullname="NUnitLite.Tests.NUnit2XmlOutputWriterTests.Environment_HasRequiredAttribute(&quot;machine-name&quot;)" methodname="Environment_HasRequiredAttribute" classname="NUnitLite.Tests.NUnit2XmlOutputWriterTests" runstate="Runnable" seed="1155255263" result="Passed" start-time="2016-11-01 10:38:59Z" end-time="2016-11-01 10:38:59Z" duration="0.000064" asserts="1" />
            <test-case id="1098" name="Environment_HasRequiredAttribute(&quot;user&quot;)" fullname="NUnitLite.Tests.NUnit2XmlOutputWriterTests.Environment_HasRequiredAttribute(&quot;user&quot;)" methodname="Environment_HasRequiredAttribute" classname="NUnitLite.Tests.NUnit2XmlOutputWriterTests" runstate="Runnable" seed="1530070561" result="Passed" start-time="2016-11-01 10:38:59Z" end-time="2016-11-01 10:38:59Z" duration="0.000036" asserts="1" />
            <test-case id="1099" name="Environment_HasRequiredAttribute(&quot;user-domain&quot;)" fullname="NUnitLite.Tests.NUnit2XmlOutputWriterTests.Environment_HasRequiredAttribute(&quot;user-domain&quot;)" methodname="Environment_HasRequiredAttribute" classname="NUnitLite.Tests.NUnit2XmlOutputWriterTests" runstate="Runnable" seed="217421017" result="Passed" start-time="2016-11-01 10:38:59Z" end-time="2016-11-01 10:38:59Z" duration="0.000051" asserts="1" />
          </test-suite>
          <test-case id="1079" name="TestResults_AssemblyPathIsCorrect" fullname="NUnitLite.Tests.NUnit2XmlOutputWriterTests.TestResults_AssemblyPathIsCorrect" methodname="TestResults_AssemblyPathIsCorrect" classname="NUnitLite.Tests.NUnit2XmlOutputWriterTests" runstate="Runnable" seed="96295353" result="Passed" start-time="2016-11-01 10:38:59Z" end-time="2016-11-01 10:38:59Z" duration="0.000310" asserts="2" />
          <test-suite type="ParameterizedMethod" id="1088" name="TestResults_CounterIsCorrect" fullname="NUnitLite.Tests.NUnit2XmlOutputWriterTests.TestResults_CounterIsCorrect" classname="NUnitLite.Tests.NUnit2XmlOutputWriterTests" runstate="Runnable" testcasecount="8" result="Passed" start-time="2016-11-01 10:38:59Z" end-time="2016-11-01 10:38:59Z" duration="0.016023" total="8" passed="8" failed="0" inconclusive="0" skipped="0" asserts="16">
            <test-case id="1080" name="TestResults_CounterIsCorrect(&quot;total&quot;,8)" fullname="NUnitLite.Tests.NUnit2XmlOutputWriterTests.TestResults_CounterIsCorrect(&quot;total&quot;,8)" methodname="TestResults_CounterIsCorrect" classname="NUnitLite.Tests.NUnit2XmlOutputWriterTests" runstate="Runnable" seed="1623204923" result="Passed" start-time="2016-11-01 10:38:59Z" end-time="2016-11-01 10:38:59Z" duration="0.000252" asserts="2" />
            <test-case id="1081" name="TestResults_CounterIsCorrect(&quot;errors&quot;,1)" fullname="NUnitLite.Tests.NUnit2XmlOutputWriterTests.TestResults_CounterIsCorrect(&quot;errors&quot;,1)" methodname="TestResults_CounterIsCorrect" classname="NUnitLite.Tests.NUnit2XmlOutputWriterTests" runstate="Runnable" seed="315772593" result="Passed" start-time="2016-11-01 10:38:59Z" end-time="2016-11-01 10:38:59Z" duration="0.000058" asserts="2" />
            <test-case id="1082" name="TestResults_CounterIsCorrect(&quot;failures&quot;,1)" fullname="NUnitLite.Tests.NUnit2XmlOutputWriterTests.TestResults_CounterIsCorrect(&quot;failures&quot;,1)" methodname="TestResults_CounterIsCorrect" classname="NUnitLite.Tests.NUnit2XmlOutputWriterTests" runstate="Runnable" seed="534512006" result="Passed" start-time="2016-11-01 10:38:59Z" end-time="2016-11-01 10:38:59Z" duration="0.000056" asserts="2" />
            <test-case id="1083" name="TestResults_CounterIsCorrect(&quot;inconclusive&quot;,1)" fullname="NUnitLite.Tests.NUnit2XmlOutputWriterTests.TestResults_CounterIsCorrect(&quot;inconclusive&quot;,1)" methodname="TestResults_CounterIsCorrect" classname="NUnitLite.Tests.NUnit2XmlOutputWriterTests" runstate="Runnable" seed="1159853511" result="Passed" start-time="2016-11-01 10:38:59Z" end-time="2016-11-01 10:38:59Z" duration="0.000051" asserts="2" />
            <test-case id="1084" name="TestResults_CounterIsCorrect(&quot;not-run&quot;,3)" fullname="NUnitLite.Tests.NUnit2XmlOutputWriterTests.TestResults_CounterIsCorrect(&quot;not-run&quot;,3)" methodname="TestResults_CounterIsCorrect" classname="NUnitLite.Tests.NUnit2XmlOutputWriterTests" runstate="Runnable" seed="1258933647" result="Passed" start-time="2016-11-01 10:38:59Z" end-time="2016-11-01 10:38:59Z" duration="0.000085" asserts="2" />
            <test-case id="1085" name="TestResults_CounterIsCorrect(&quot;ignored&quot;,1)" fullname="NUnitLite.Tests.NUnit2XmlOutputWriterTests.TestResults_CounterIsCorrect(&quot;ignored&quot;,1)" methodname="TestResults_CounterIsCorrect" classname="NUnitLite.Tests.NUnit2XmlOutputWriterTests" runstate="Runnable" seed="812510479" result="Passed" start-time="2016-11-01 10:38:59Z" end-time="2016-11-01 10:38:59Z" duration="0.000084" asserts="2" />
            <test-case id="1086" name="TestResults_CounterIsCorrect(&quot;skipped&quot;,0)" fullname="NUnitLite.Tests.NUnit2XmlOutputWriterTests.TestResults_CounterIsCorrect(&quot;skipped&quot;,0)" methodname="TestResults_CounterIsCorrect" classname="NUnitLite.Tests.NUnit2XmlOutputWriterTests" runstate="Runnable" seed="1215451218" result="Passed" start-time="2016-11-01 10:38:59Z" end-time="2016-11-01 10:38:59Z" duration="0.000092" asserts="2" />
            <test-case id="1087" name="TestResults_CounterIsCorrect(&quot;invalid&quot;,2)" fullname="NUnitLite.Tests.NUnit2XmlOutputWriterTests.TestResults_CounterIsCorrect(&quot;invalid&quot;,2)" methodname="TestResults_CounterIsCorrect" classname="NUnitLite.Tests.NUnit2XmlOutputWriterTests" runstate="Runnable" seed="1264424827" result="Passed" start-time="2016-11-01 10:38:59Z" end-time="2016-11-01 10:38:59Z" duration="0.000091" asserts="2" />
          </test-suite>
          <test-case id="1089" name="TestResults_HasValidDateAttribute" fullname="NUnitLite.Tests.NUnit2XmlOutputWriterTests.TestResults_HasValidDateAttribute" methodname="TestResults_HasValidDateAttribute" classname="NUnitLite.Tests.NUnit2XmlOutputWriterTests" runstate="Runnable" seed="237745829" result="Passed" start-time="2016-11-01 10:38:59Z" end-time="2016-11-01 10:38:59Z" duration="0.000940" asserts="2" />
          <test-case id="1090" name="TestResults_HasValidTimeAttribute" fullname="NUnitLite.Tests.NUnit2XmlOutputWriterTests.TestResults_HasValidTimeAttribute" methodname="TestResults_HasValidTimeAttribute" classname="NUnitLite.Tests.NUnit2XmlOutputWriterTests" runstate="Runnable" seed="1095485388" result="Passed" start-time="2016-11-01 10:38:59Z" end-time="2016-11-01 10:38:59Z" duration="0.000465" asserts="2" />
          <test-suite type="ParameterizedMethod" id="1113" name="TestSuite_ExpectedAttribute" fullname="NUnitLite.Tests.NUnit2XmlOutputWriterTests.TestSuite_ExpectedAttribute" classname="NUnitLite.Tests.NUnit2XmlOutputWriterTests" runstate="Runnable" testcasecount="7" result="Passed" start-time="2016-11-01 10:38:59Z" end-time="2016-11-01 10:38:59Z" duration="0.014014" total="7" passed="7" failed="0" inconclusive="0" skipped="0" asserts="14">
            <test-case id="1106" name="TestSuite_ExpectedAttribute(&quot;type&quot;,&quot;TestFixture&quot;)" fullname="NUnitLite.Tests.NUnit2XmlOutputWriterTests.TestSuite_ExpectedAttribute(&quot;type&quot;,&quot;TestFixture&quot;)" methodname="TestSuite_ExpectedAttribute" classname="NUnitLite.Tests.NUnit2XmlOutputWriterTests" runstate="Runnable" seed="1828880104" result="Passed" start-time="2016-11-01 10:38:59Z" end-time="2016-11-01 10:38:59Z" duration="0.000233" asserts="2" />
            <test-case id="1107" name="TestSuite_ExpectedAttribute(&quot;name&quot;,&quot;MockTestFixture&quot;)" fullname="NUnitLite.Tests.NUnit2XmlOutputWriterTests.TestSuite_ExpectedAttribute(&quot;name&quot;,&quot;MockTestFixture&quot;)" methodname="TestSuite_ExpectedAttribute" classname="NUnitLite.Tests.NUnit2XmlOutputWriterTests" runstate="Runnable" seed="1801687038" result="Passed" start-time="2016-11-01 10:38:59Z" end-time="2016-11-01 10:38:59Z" duration="0.000064" asserts="2" />
            <test-case id="1108" name="TestSuite_ExpectedAttribute(&quot;description&quot;,&quot;Fake Test Fixture&quot;)" fullname="NUnitLite.Tests.NUnit2XmlOutputWriterTests.TestSuite_ExpectedAttribute(&quot;description&quot;,&quot;Fake Test Fixture&quot;)" methodname="TestSuite_ExpectedAttribute" classname="NUnitLite.Tests.NUnit2XmlOutputWriterTests" runstate="Runnable" seed="1818327178" result="Passed" start-time="2016-11-01 10:38:59Z" end-time="2016-11-01 10:38:59Z" duration="0.000065" asserts="2" />
            <test-case id="1109" name="TestSuite_ExpectedAttribute(&quot;executed&quot;,&quot;True&quot;)" fullname="NUnitLite.Tests.NUnit2XmlOutputWriterTests.TestSuite_ExpectedAttribute(&quot;executed&quot;,&quot;True&quot;)" methodname="TestSuite_ExpectedAttribute" classname="NUnitLite.Tests.NUnit2XmlOutputWriterTests" runstate="Runnable" seed="1142441957" result="Passed" start-time="2016-11-01 10:38:59Z" end-time="2016-11-01 10:38:59Z" duration="0.000065" asserts="2" />
            <test-case id="1110" name="TestSuite_ExpectedAttribute(&quot;result&quot;,&quot;Failure&quot;)" fullname="NUnitLite.Tests.NUnit2XmlOutputWriterTests.TestSuite_ExpectedAttribute(&quot;result&quot;,&quot;Failure&quot;)" methodname="TestSuite_ExpectedAttribute" classname="NUnitLite.Tests.NUnit2XmlOutputWriterTests" runstate="Runnable" seed="1283751911" result="Passed" start-time="2016-11-01 10:38:59Z" end-time="2016-11-01 10:38:59Z" duration="0.000060" asserts="2" />
            <test-case id="1111" name="TestSuite_ExpectedAttribute(&quot;success&quot;,&quot;False&quot;)" fullname="NUnitLite.Tests.NUnit2XmlOutputWriterTests.TestSuite_ExpectedAttribute(&quot;success&quot;,&quot;False&quot;)" methodname="TestSuite_ExpectedAttribute" classname="NUnitLite.Tests.NUnit2XmlOutputWriterTests" runstate="Runnable" seed="635089357" result="Passed" start-time="2016-11-01 10:38:59Z" end-time="2016-11-01 10:38:59Z" duration="0.000070" asserts="2" />
            <test-case id="1112" name="TestSuite_ExpectedAttribute(&quot;asserts&quot;,&quot;0&quot;)" fullname="NUnitLite.Tests.NUnit2XmlOutputWriterTests.TestSuite_ExpectedAttribute(&quot;asserts&quot;,&quot;0&quot;)" methodname="TestSuite_ExpectedAttribute" classname="NUnitLite.Tests.NUnit2XmlOutputWriterTests" runstate="Runnable" seed="1797819761" result="Passed" start-time="2016-11-01 10:38:59Z" end-time="2016-11-01 10:38:59Z" duration="0.000056" asserts="2" />
          </test-suite>
          <test-case id="1105" name="TestSuite_HasTestSuiteElement" fullname="NUnitLite.Tests.NUnit2XmlOutputWriterTests.TestSuite_HasTestSuiteElement" methodname="TestSuite_HasTestSuiteElement" classname="NUnitLite.Tests.NUnit2XmlOutputWriterTests" runstate="Runnable" seed="2097937943" result="Passed" start-time="2016-11-01 10:38:59Z" end-time="2016-11-01 10:38:59Z" duration="0.000292" asserts="1" />
          <test-case id="1114" name="TestSuite_HasValidTimeAttribute" fullname="NUnitLite.Tests.NUnit2XmlOutputWriterTests.TestSuite_HasValidTimeAttribute" methodname="TestSuite_HasValidTimeAttribute" classname="NUnitLite.Tests.NUnit2XmlOutputWriterTests" runstate="Runnable" seed="701314639" result="Passed" start-time="2016-11-01 10:38:59Z" end-time="2016-11-01 10:38:59Z" duration="0.000304" asserts="2" />
          <test-case id="1115" name="TestSuite_ResultIsFailure" fullname="NUnitLite.Tests.NUnit2XmlOutputWriterTests.TestSuite_ResultIsFailure" methodname="TestSuite_ResultIsFailure" classname="NUnitLite.Tests.NUnit2XmlOutputWriterTests" runstate="Runnable" seed="1055747773" result="Passed" start-time="2016-11-01 10:38:59Z" end-time="2016-11-01 10:38:59Z" duration="0.000096" asserts="0" />
        </test-suite>
      </test-suite>
    </test-suite>
  </test-suite>
</test-run>